#
# A fatal error has been detected by the Java Runtime Environment:
#
#  EXCEPTION_UNCAUGHT_CXX_EXCEPTION (0xe06d7363) at pc=0x00007ffb5f70cd29, pid=10800, tid=12364
#
# JRE version:  (11.0.12+7) (build )
# Java VM: OpenJDK 64-Bit Server VM (11.0.12+7-b1504.28-7817840, mixed mode, tiered, compressed oops, g1 gc, windows-amd64)
# Problematic frame:
# C  [KERNELBASE.dll+0x2cd29]
#
# No core dump will be written. Minidumps are not enabled by default on client versions of Windows
#
#

---------------  S U M M A R Y ------------

Command Line: org.jetbrains.kotlin.cli.jvm.K2JVMCompiler @C:\Users\Ing-Yonathan\AndroidStudioProjects\QRScaner\app\build\20221122_9675275931952020196.compiler.options

Host: Intel(R) Celeron(R) N4020 CPU @ 1.10GHz, 2 cores, 3G,  Windows 10 , 64 bit Build 19041 (10.0.19041.2251)
Time: Tue Nov 22 09:56:19 2022 Hora estándar de Venezuela elapsed time: 0.205542 seconds (0d 0h 0m 0s)

---------------  T H R E A D  ---------------

Current thread (0x000001e02181a800):  JavaThread "main" [_thread_in_vm, id=12364, stack(0x000000033ac00000,0x000000033ad00000)]

Stack: [0x000000033ac00000,0x000000033ad00000],  sp=0x000000033acfe240,  free space=1016k
Native frames: (J=compiled Java code, j=interpreted, Vv=VM code, C=native code)
C  [KERNELBASE.dll+0x2cd29]
C  [VCRUNTIME140.dll+0x4462]
C  [jimage.dll+0x32ef]

Java frames: (J=compiled Java code, j=interpreted, Vv=VM code)
j  java.lang.StringLatin1.newString([BII)Ljava/lang/String;+9 java.base
j  java.lang.StringBuilder.toString()Ljava/lang/String;+16 java.base
j  sun.nio.cs.StandardCharsets.toLower(Ljava/lang/String;)Ljava/lang/String;+121 java.base
j  sun.nio.cs.StandardCharsets.lookup(Ljava/lang/String;)Ljava/nio/charset/Charset;+48 java.base
j  sun.nio.cs.StandardCharsets.charsetForName(Ljava/lang/String;)Ljava/nio/charset/Charset;+6 java.base
j  java.nio.charset.Charset.lookup2(Ljava/lang/String;)Ljava/nio/charset/Charset;+39 java.base
j  java.nio.charset.Charset.lookup(Ljava/lang/String;)Ljava/nio/charset/Charset;+40 java.base
j  java.nio.charset.Charset.defaultCharset()Ljava/nio/charset/Charset;+18 java.base
j  java.io.OutputStreamWriter.<init>(Ljava/io/OutputStream;)V+8 java.base
j  java.io.PrintStream.<init>(ZLjava/io/OutputStream;)V+26 java.base
j  java.io.PrintStream.<init>(Ljava/io/OutputStream;Z)V+11 java.base
j  java.lang.System.newPrintStream(Ljava/io/FileOutputStream;Ljava/lang/String;)Ljava/io/PrintStream;+42 java.base
j  java.lang.System.initPhase1()V+96 java.base
v  ~StubRoutines::call_stub

siginfo: EXCEPTION_UNCAUGHT_CXX_EXCEPTION (0xe06d7363), ExceptionInformation=0x0000000019930520 0x000000033acfe3c0 0x00007ffb55a64fb0 0x00007ffb55a60000 


Register to memory mapping:

RIP=0x00007ffb5f70cd29 KERNELBASE.dll
RAX=0x00007ffb0c2501ff jvm.dll
RBX=0x000000000000f5d4 is an unknown value
RCX=0x00009e0e14c6afaf is an unknown value
RDX=0x000000033acfdd60 is pointing into the stack for thread: 0x000001e02181a800
RSP=0x000000033acfe240 is pointing into the stack for thread: 0x000001e02181a800
RBP=0x000000033acfe380 is pointing into the stack for thread: 0x000001e02181a800
RSI=0x00007ffb55a64fb0 jimage.dll
RDI=0x000001e0237639ec points into unknown readable memory: fa fa fe ca
R8 =0x000000033acfe460 is pointing into the stack for thread: 0x000001e02181a800
R9 =0x000000033acfdc40 is pointing into the stack for thread: 0x000001e02181a800
R10=0x00007ffb0c35b229 jvm.dll
R11=0x000001e0218077e0 points into unknown readable memory: 0x0000001e00000005 | 05 00 00 00 1e 00 00 00
R12=0x000000000000f5d4 is an unknown value
R13=0x000001e021826230 points into unknown readable memory: 0x00007ffb0c5740b8 | b8 40 57 0c fb 7f 00 00
R14=0x000000033acfe3c0 is pointing into the stack for thread: 0x000001e02181a800
R15=0x000001e03af2d4b0 points into unknown readable memory: 0x000600092f000600 | 00 06 00 2f 09 00 06 00


Registers:
RAX=0x00007ffb0c2501ff, RBX=0x000000000000f5d4, RCX=0x00009e0e14c6afaf, RDX=0x000000033acfdd60
RSP=0x000000033acfe240, RBP=0x000000033acfe380, RSI=0x00007ffb55a64fb0, RDI=0x000001e0237639ec
R8 =0x000000033acfe460, R9 =0x000000033acfdc40, R10=0x00007ffb0c35b229, R11=0x000001e0218077e0
R12=0x000000000000f5d4, R13=0x000001e021826230, R14=0x000000033acfe3c0, R15=0x000001e03af2d4b0
RIP=0x00007ffb5f70cd29, EFLAGS=0x0000000000000202

Top of Stack: (sp=0x000000033acfe240)
0x000000033acfe240:   000001e02181a800 000000000000f5d4
0x000000033acfe250:   00007ffb55a64fb0 00000000000003ff
0x000000033acfe260:   00000001e06d7363 0000000000000000
0x000000033acfe270:   00007ffb5f70cd29 0000000000000004
0x000000033acfe280:   0000000019930520 000000033acfe3c0
0x000000033acfe290:   00007ffb55a64fb0 00007ffb55a60000
0x000000033acfe2a0:   000001e021826230 000000000000f5d4
0x000000033acfe2b0:   00007ffb55a64fb0 000000033acfe380
0x000000033acfe2c0:   000000033acfe3a0 00007ffb61fc4a5f
0x000000033acfe2d0:   000001e0237639ec 0000000300000000
0x000000033acfe2e0:   000000032181b258 00000000a40017b3
0x000000033acfe2f0:   00007ffb55a67000 00007ffb55a60000
0x000000033acfe300:   0000020394c78b34 00007ffb61fe0800
0x000000033acfe310:   000000000000f5d4 00007ffb54704462
0x000000033acfe320:   000000010000e440 00007ffb5f72ff2b
0x000000033acfe330:   000000033acfe680 00007ffb61fe0800 

Instructions: (pc=0x00007ffb5f70cd29)
0x00007ffb5f70cc29:   07 00 48 8b 84 24 b8 00 00 00 48 8b 8c 24 b0 05
0x00007ffb5f70cc39:   00 00 48 33 cc e8 3d 0a 06 00 48 81 c4 c0 05 00
0x00007ffb5f70cc49:   00 41 5f 41 5e 41 5d 5e 5b c3 cc 48 ff 15 15 9a
0x00007ffb5f70cc59:   19 00 0f 1f 44 00 00 eb b0 cc cc cc cc cc cc cc
0x00007ffb5f70cc69:   cc cc cc cc cc cc cc 40 53 48 83 ec 30 48 8b d1
0x00007ffb5f70cc79:   48 8d 4c 24 20 e8 5d 23 00 00 85 c0 74 26 48 8b
0x00007ffb5f70cc89:   4c 24 28 e8 ef 38 00 00 48 8d 4c 24 20 8b d8 48
0x00007ffb5f70cc99:   ff 15 21 94 19 00 0f 1f 44 00 00 8b c3 48 83 c4
0x00007ffb5f70cca9:   30 5b c3 cc 83 c8 ff eb f4 cc cc cc cc cc cc cc
0x00007ffb5f70ccb9:   cc cc cc cc cc cc cc 48 81 ec d8 00 00 00 48 8b
0x00007ffb5f70ccc9:   05 a2 71 26 00 48 33 c4 48 89 84 24 c0 00 00 00
0x00007ffb5f70ccd9:   48 83 64 24 28 00 48 8d 05 da ff ff ff 83 e2 01
0x00007ffb5f70cce9:   89 4c 24 20 89 54 24 24 48 89 44 24 30 4d 85 c9
0x00007ffb5f70ccf9:   74 4c b8 0f 00 00 00 48 8d 4c 24 40 44 3b c0 49
0x00007ffb5f70cd09:   8b d1 44 0f 47 c0 44 89 44 24 38 49 c1 e0 03 e8
0x00007ffb5f70cd19:   ba bb 06 00 48 8d 4c 24 20 48 ff 15 67 9b 19 00
0x00007ffb5f70cd29:   0f 1f 44 00 00 48 8b 8c 24 c0 00 00 00 48 33 cc
0x00007ffb5f70cd39:   e8 42 09 06 00 48 81 c4 d8 00 00 00 c3 cc 83 64
0x00007ffb5f70cd49:   24 38 00 eb cf cc cc cc cc cc cc cc cc cc cc cc
0x00007ffb5f70cd59:   cc cc cc cc cc cc cc 65 48 8b 04 25 30 00 00 00
0x00007ffb5f70cd69:   8b 40 68 c3 cc cc cc cc cc cc cc cc cc cc cc cc
0x00007ffb5f70cd79:   cc cc cc cc cc cc cc 48 89 5c 24 10 48 89 74 24
0x00007ffb5f70cd89:   18 57 41 54 41 55 41 56 41 57 48 81 ec b0 02 00
0x00007ffb5f70cd99:   00 48 8b 05 cf 70 26 00 48 33 c4 48 89 84 24 a0
0x00007ffb5f70cda9:   02 00 00 48 8d 15 ff fa 19 00 48 85 c9 48 0f 45
0x00007ffb5f70cdb9:   d1 48 89 94 24 80 00 00 00 48 83 c8 ff 48 ff c0
0x00007ffb5f70cdc9:   80 3c 02 00 75 f7 48 ff c0 48 89 84 24 88 00 00
0x00007ffb5f70cdd9:   00 48 89 94 24 90 00 00 00 4c 8d 8c 24 88 00 00
0x00007ffb5f70cde9:   00 33 d2 b9 06 00 01 40 44 8d 42 02 e8 c6 fe ff
0x00007ffb5f70cdf9:   ff e9 f0 01 00 00 33 f6 48 89 74 24 60 45 33 ff
0x00007ffb5f70ce09:   4c 89 7c 24 48 45 33 f6 4c 89 74 24 58 33 ff 48
0x00007ffb5f70ce19:   89 7c 24 50 e8 3e ff ff ff 89 44 24 40 48 39 35 


Stack slot to memory mapping:
stack at sp + 0 slots: 0x000001e02181a800 is a thread
stack at sp + 1 slots: 0x000000000000f5d4 is an unknown value
stack at sp + 2 slots: 0x00007ffb55a64fb0 jimage.dll
stack at sp + 3 slots: 0x00000000000003ff is an unknown value
stack at sp + 4 slots: 0x00000001e06d7363 is an unknown value
stack at sp + 5 slots: 0x0 is NULL
stack at sp + 6 slots: 0x00007ffb5f70cd29 KERNELBASE.dll
stack at sp + 7 slots: 0x0000000000000004 is an unknown value


---------------  P R O C E S S  ---------------

Threads class SMR info:
_java_thread_list=0x000001e03aeee400, length=3, elements={
0x000001e02181a800, 0x000001e03af17000, 0x000001e03af1a800
}

Java Threads: ( => current thread )
=>0x000001e02181a800 JavaThread "main" [_thread_in_vm, id=12364, stack(0x000000033ac00000,0x000000033ad00000)]
  0x000001e03af17000 JavaThread "Reference Handler" daemon [_thread_blocked, id=15824, stack(0x000000033b400000,0x000000033b500000)]
  0x000001e03af1a800 JavaThread "Finalizer" daemon [_thread_blocked, id=4180, stack(0x000000033b500000,0x000000033b600000)]

Other Threads:
  0x000001e03aef3000 VMThread "VM Thread" [stack: 0x000000033b300000,0x000000033b400000] [id=4632]
  0x000001e021832000 GCTaskThread "GC Thread#0" [stack: 0x000000033ae00000,0x000000033af00000] [id=13012]
  0x000001e02184b000 ConcurrentGCThread "G1 Main Marker" [stack: 0x000000033af00000,0x000000033b000000] [id=10868]
  0x000001e02184d000 ConcurrentGCThread "G1 Conc#0" [stack: 0x000000033b000000,0x000000033b100000] [id=14492]
  0x000001e02188b000 ConcurrentGCThread "G1 Refine#0" [stack: 0x000000033b100000,0x000000033b200000] [id=12156]
  0x000001e02188e000 ConcurrentGCThread "G1 Young RemSet Sampling" [stack: 0x000000033b200000,0x000000033b300000] [id=1184]

Threads with active compile tasks:

VM state:not at safepoint (normal execution)

VM Mutex/Monitor currently owned by a thread: None

Heap address: 0x00000000c3000000, size: 976 MB, Compressed Oops mode: 32-bit
Narrow klass base: 0x0000000000000000, Narrow klass shift: 3
Compressed class space size: 1073741824 Address: 0x0000000100000000

Heap:
 garbage-first heap   total 63488K, used 0K [0x00000000c3000000, 0x0000000100000000)
  region size 1024K, 1 young (1024K), 0 survivors (0K)
 Metaspace       used 1863K, capacity 2120K, committed 2176K, reserved 1060864K
  class space    used 150K, capacity 384K, committed 384K, reserved 1048576K
Heap Regions: E=young(eden), S=young(survivor), O=old, HS=humongous(starts), HC=humongous(continues), CS=collection set, F=free, A=archive, TAMS=top-at-mark-start (previous, next)
|   0|0x00000000c3000000, 0x00000000c3000000, 0x00000000c3100000|  0%| F|  |TAMS 0x00000000c3000000, 0x00000000c3000000| Untracked 
|   1|0x00000000c3100000, 0x00000000c3100000, 0x00000000c3200000|  0%| F|  |TAMS 0x00000000c3100000, 0x00000000c3100000| Untracked 
|   2|0x00000000c3200000, 0x00000000c3200000, 0x00000000c3300000|  0%| F|  |TAMS 0x00000000c3200000, 0x00000000c3200000| Untracked 
|   3|0x00000000c3300000, 0x00000000c3300000, 0x00000000c3400000|  0%| F|  |TAMS 0x00000000c3300000, 0x00000000c3300000| Untracked 
|   4|0x00000000c3400000, 0x00000000c3400000, 0x00000000c3500000|  0%| F|  |TAMS 0x00000000c3400000, 0x00000000c3400000| Untracked 
|   5|0x00000000c3500000, 0x00000000c3500000, 0x00000000c3600000|  0%| F|  |TAMS 0x00000000c3500000, 0x00000000c3500000| Untracked 
|   6|0x00000000c3600000, 0x00000000c3600000, 0x00000000c3700000|  0%| F|  |TAMS 0x00000000c3600000, 0x00000000c3600000| Untracked 
|   7|0x00000000c3700000, 0x00000000c3700000, 0x00000000c3800000|  0%| F|  |TAMS 0x00000000c3700000, 0x00000000c3700000| Untracked 
|   8|0x00000000c3800000, 0x00000000c3800000, 0x00000000c3900000|  0%| F|  |TAMS 0x00000000c3800000, 0x00000000c3800000| Untracked 
|   9|0x00000000c3900000, 0x00000000c3900000, 0x00000000c3a00000|  0%| F|  |TAMS 0x00000000c3900000, 0x00000000c3900000| Untracked 
|  10|0x00000000c3a00000, 0x00000000c3a00000, 0x00000000c3b00000|  0%| F|  |TAMS 0x00000000c3a00000, 0x00000000c3a00000| Untracked 
|  11|0x00000000c3b00000, 0x00000000c3b00000, 0x00000000c3c00000|  0%| F|  |TAMS 0x00000000c3b00000, 0x00000000c3b00000| Untracked 
|  12|0x00000000c3c00000, 0x00000000c3c00000, 0x00000000c3d00000|  0%| F|  |TAMS 0x00000000c3c00000, 0x00000000c3c00000| Untracked 
|  13|0x00000000c3d00000, 0x00000000c3d00000, 0x00000000c3e00000|  0%| F|  |TAMS 0x00000000c3d00000, 0x00000000c3d00000| Untracked 
|  14|0x00000000c3e00000, 0x00000000c3e00000, 0x00000000c3f00000|  0%| F|  |TAMS 0x00000000c3e00000, 0x00000000c3e00000| Untracked 
|  15|0x00000000c3f00000, 0x00000000c3f00000, 0x00000000c4000000|  0%| F|  |TAMS 0x00000000c3f00000, 0x00000000c3f00000| Untracked 
|  16|0x00000000c4000000, 0x00000000c4000000, 0x00000000c4100000|  0%| F|  |TAMS 0x00000000c4000000, 0x00000000c4000000| Untracked 
|  17|0x00000000c4100000, 0x00000000c4100000, 0x00000000c4200000|  0%| F|  |TAMS 0x00000000c4100000, 0x00000000c4100000| Untracked 
|  18|0x00000000c4200000, 0x00000000c4200000, 0x00000000c4300000|  0%| F|  |TAMS 0x00000000c4200000, 0x00000000c4200000| Untracked 
|  19|0x00000000c4300000, 0x00000000c4300000, 0x00000000c4400000|  0%| F|  |TAMS 0x00000000c4300000, 0x00000000c4300000| Untracked 
|  20|0x00000000c4400000, 0x00000000c4400000, 0x00000000c4500000|  0%| F|  |TAMS 0x00000000c4400000, 0x00000000c4400000| Untracked 
|  21|0x00000000c4500000, 0x00000000c4500000, 0x00000000c4600000|  0%| F|  |TAMS 0x00000000c4500000, 0x00000000c4500000| Untracked 
|  22|0x00000000c4600000, 0x00000000c4600000, 0x00000000c4700000|  0%| F|  |TAMS 0x00000000c4600000, 0x00000000c4600000| Untracked 
|  23|0x00000000c4700000, 0x00000000c4700000, 0x00000000c4800000|  0%| F|  |TAMS 0x00000000c4700000, 0x00000000c4700000| Untracked 
|  24|0x00000000c4800000, 0x00000000c4800000, 0x00000000c4900000|  0%| F|  |TAMS 0x00000000c4800000, 0x00000000c4800000| Untracked 
|  25|0x00000000c4900000, 0x00000000c4900000, 0x00000000c4a00000|  0%| F|  |TAMS 0x00000000c4900000, 0x00000000c4900000| Untracked 
|  26|0x00000000c4a00000, 0x00000000c4a00000, 0x00000000c4b00000|  0%| F|  |TAMS 0x00000000c4a00000, 0x00000000c4a00000| Untracked 
|  27|0x00000000c4b00000, 0x00000000c4b00000, 0x00000000c4c00000|  0%| F|  |TAMS 0x00000000c4b00000, 0x00000000c4b00000| Untracked 
|  28|0x00000000c4c00000, 0x00000000c4c00000, 0x00000000c4d00000|  0%| F|  |TAMS 0x00000000c4c00000, 0x00000000c4c00000| Untracked 
|  29|0x00000000c4d00000, 0x00000000c4d00000, 0x00000000c4e00000|  0%| F|  |TAMS 0x00000000c4d00000, 0x00000000c4d00000| Untracked 
|  30|0x00000000c4e00000, 0x00000000c4e00000, 0x00000000c4f00000|  0%| F|  |TAMS 0x00000000c4e00000, 0x00000000c4e00000| Untracked 
|  31|0x00000000c4f00000, 0x00000000c4f00000, 0x00000000c5000000|  0%| F|  |TAMS 0x00000000c4f00000, 0x00000000c4f00000| Untracked 
|  32|0x00000000c5000000, 0x00000000c5000000, 0x00000000c5100000|  0%| F|  |TAMS 0x00000000c5000000, 0x00000000c5000000| Untracked 
|  33|0x00000000c5100000, 0x00000000c5100000, 0x00000000c5200000|  0%| F|  |TAMS 0x00000000c5100000, 0x00000000c5100000| Untracked 
|  34|0x00000000c5200000, 0x00000000c5200000, 0x00000000c5300000|  0%| F|  |TAMS 0x00000000c5200000, 0x00000000c5200000| Untracked 
|  35|0x00000000c5300000, 0x00000000c5300000, 0x00000000c5400000|  0%| F|  |TAMS 0x00000000c5300000, 0x00000000c5300000| Untracked 
|  36|0x00000000c5400000, 0x00000000c5400000, 0x00000000c5500000|  0%| F|  |TAMS 0x00000000c5400000, 0x00000000c5400000| Untracked 
|  37|0x00000000c5500000, 0x00000000c5500000, 0x00000000c5600000|  0%| F|  |TAMS 0x00000000c5500000, 0x00000000c5500000| Untracked 
|  38|0x00000000c5600000, 0x00000000c5600000, 0x00000000c5700000|  0%| F|  |TAMS 0x00000000c5600000, 0x00000000c5600000| Untracked 
|  39|0x00000000c5700000, 0x00000000c5700000, 0x00000000c5800000|  0%| F|  |TAMS 0x00000000c5700000, 0x00000000c5700000| Untracked 
|  40|0x00000000c5800000, 0x00000000c5800000, 0x00000000c5900000|  0%| F|  |TAMS 0x00000000c5800000, 0x00000000c5800000| Untracked 
|  41|0x00000000c5900000, 0x00000000c5900000, 0x00000000c5a00000|  0%| F|  |TAMS 0x00000000c5900000, 0x00000000c5900000| Untracked 
|  42|0x00000000c5a00000, 0x00000000c5a00000, 0x00000000c5b00000|  0%| F|  |TAMS 0x00000000c5a00000, 0x00000000c5a00000| Untracked 
|  43|0x00000000c5b00000, 0x00000000c5b00000, 0x00000000c5c00000|  0%| F|  |TAMS 0x00000000c5b00000, 0x00000000c5b00000| Untracked 
|  44|0x00000000c5c00000, 0x00000000c5c00000, 0x00000000c5d00000|  0%| F|  |TAMS 0x00000000c5c00000, 0x00000000c5c00000| Untracked 
|  45|0x00000000c5d00000, 0x00000000c5d00000, 0x00000000c5e00000|  0%| F|  |TAMS 0x00000000c5d00000, 0x00000000c5d00000| Untracked 
|  46|0x00000000c5e00000, 0x00000000c5e00000, 0x00000000c5f00000|  0%| F|  |TAMS 0x00000000c5e00000, 0x00000000c5e00000| Untracked 
|  47|0x00000000c5f00000, 0x00000000c5f00000, 0x00000000c6000000|  0%| F|  |TAMS 0x00000000c5f00000, 0x00000000c5f00000| Untracked 
|  48|0x00000000c6000000, 0x00000000c6000000, 0x00000000c6100000|  0%| F|  |TAMS 0x00000000c6000000, 0x00000000c6000000| Untracked 
|  49|0x00000000c6100000, 0x00000000c6100000, 0x00000000c6200000|  0%| F|  |TAMS 0x00000000c6100000, 0x00000000c6100000| Untracked 
|  50|0x00000000c6200000, 0x00000000c6200000, 0x00000000c6300000|  0%| F|  |TAMS 0x00000000c6200000, 0x00000000c6200000| Untracked 
|  51|0x00000000c6300000, 0x00000000c6300000, 0x00000000c6400000|  0%| F|  |TAMS 0x00000000c6300000, 0x00000000c6300000| Untracked 
|  52|0x00000000c6400000, 0x00000000c6400000, 0x00000000c6500000|  0%| F|  |TAMS 0x00000000c6400000, 0x00000000c6400000| Untracked 
|  53|0x00000000c6500000, 0x00000000c6500000, 0x00000000c6600000|  0%| F|  |TAMS 0x00000000c6500000, 0x00000000c6500000| Untracked 
|  54|0x00000000c6600000, 0x00000000c6600000, 0x00000000c6700000|  0%| F|  |TAMS 0x00000000c6600000, 0x00000000c6600000| Untracked 
|  55|0x00000000c6700000, 0x00000000c6700000, 0x00000000c6800000|  0%| F|  |TAMS 0x00000000c6700000, 0x00000000c6700000| Untracked 
|  56|0x00000000c6800000, 0x00000000c6800000, 0x00000000c6900000|  0%| F|  |TAMS 0x00000000c6800000, 0x00000000c6800000| Untracked 
|  57|0x00000000c6900000, 0x00000000c6900000, 0x00000000c6a00000|  0%| F|  |TAMS 0x00000000c6900000, 0x00000000c6900000| Untracked 
|  58|0x00000000c6a00000, 0x00000000c6a00000, 0x00000000c6b00000|  0%| F|  |TAMS 0x00000000c6a00000, 0x00000000c6a00000| Untracked 
|  59|0x00000000c6b00000, 0x00000000c6b00000, 0x00000000c6c00000|  0%| F|  |TAMS 0x00000000c6b00000, 0x00000000c6b00000| Untracked 
|  60|0x00000000c6c00000, 0x00000000c6c00000, 0x00000000c6d00000|  0%| F|  |TAMS 0x00000000c6c00000, 0x00000000c6c00000| Untracked 
|  61|0x00000000c6d00000, 0x00000000c6d47bb0, 0x00000000c6e00000| 28%| E|  |TAMS 0x00000000c6d00000, 0x00000000c6d00000| Complete 

Card table byte_map: [0x000001e036130000,0x000001e036320000] _byte_map_base: 0x000001e035b18000

Marking Bits (Prev, Next): (CMBitMap*) 0x000001e021846498, (CMBitMap*) 0x000001e0218464d0
 Prev Bits: [0x000001e036510000, 0x000001e037450000)
 Next Bits: [0x000001e037450000, 0x000001e038390000)

Polling page: 0x000001e021900000

Metaspace:

Usage:
  Non-class:      1.70 MB capacity,     1.67 MB ( 99%) used,    21.39 KB (  1%) free+waste,     1.81 KB ( <1%) overhead. 
      Class:    384.00 KB capacity,   150.76 KB ( 39%) used,   233.18 KB ( 61%) free+waste,    64 bytes ( <1%) overhead. 
       Both:      2.07 MB capacity,     1.82 MB ( 88%) used,   254.57 KB ( 12%) free+waste,     1.88 KB ( <1%) overhead. 

Virtual space:
  Non-class space:       12.00 MB reserved,       1.75 MB ( 15%) committed 
      Class space:        1.00 GB reserved,     384.00 KB ( <1%) committed 
             Both:        1.01 GB reserved,       2.13 MB ( <1%) committed 

Chunk freelists:
   Non-Class:  56.00 KB
       Class:  0 bytes
        Both:  56.00 KB

MaxMetaspaceSize: 17179869184.00 GB
CompressedClassSpaceSize: 1.00 GB
Initial GC threshold: 20.80 MB
Current GC threshold: 17179869184.00 GB
CDS: off

CodeHeap 'non-profiled nmethods': size=120064Kb used=0Kb max_used=0Kb free=120064Kb
 bounds [0x000001e02e600000, 0x000001e02e870000, 0x000001e035b40000]
CodeHeap 'profiled nmethods': size=120000Kb used=0Kb max_used=0Kb free=120000Kb
 bounds [0x000001e0270d0000, 0x000001e027340000, 0x000001e02e600000]
CodeHeap 'non-nmethods': size=5696Kb used=376Kb max_used=376Kb free=5319Kb
 bounds [0x000001e026b40000, 0x000001e026db0000, 0x000001e0270d0000]
 total_blobs=134 nmethods=0 adapters=108
 compilation: enabled
              stopped_count=0, restarted_count=0
 full_count=0

Compilation events (0 events):
No events

GC Heap History (0 events):
No events

Deoptimization events (0 events):
No events

Classes redefined (0 events):
No events

Internal exceptions (0 events):
No events

Events (20 events):
Event: 0.152 loading class java/io/PrintStream done
Event: 0.152 loading class java/io/BufferedOutputStream
Event: 0.152 loading class java/io/BufferedOutputStream done
Event: 0.152 loading class java/io/OutputStreamWriter
Event: 0.153 loading class java/io/Writer
Event: 0.153 loading class java/io/Writer done
Event: 0.153 loading class java/io/OutputStreamWriter done
Event: 0.153 loading class java/nio/charset/Charset
Event: 0.153 loading class java/nio/charset/Charset done
Event: 0.153 loading class sun/nio/cs/StandardCharsets
Event: 0.153 loading class java/nio/charset/spi/CharsetProvider
Event: 0.153 loading class java/nio/charset/spi/CharsetProvider done
Event: 0.153 loading class sun/nio/cs/StandardCharsets done
Event: 0.154 loading class java/lang/ThreadLocal
Event: 0.154 loading class java/lang/ThreadLocal done
Event: 0.154 loading class java/util/concurrent/atomic/AtomicInteger
Event: 0.154 loading class java/util/concurrent/atomic/AtomicInteger done
Event: 0.154 loading class sun/security/action/GetPropertyAction
Event: 0.154 loading class sun/security/action/GetPropertyAction done
Event: 0.154 loading class java/util/Arrays


Dynamic libraries:
0x00007ff797030000 - 0x00007ff79703a000 	C:\Program Files\Android\Android Studio\jre\bin\java.exe
0x00007ffb61f90000 - 0x00007ffb62188000 	C:\Windows\SYSTEM32\ntdll.dll
0x00007ffb61020000 - 0x00007ffb610df000 	C:\Windows\System32\KERNEL32.DLL
0x00007ffb5f6e0000 - 0x00007ffb5f9b2000 	C:\Windows\System32\KERNELBASE.dll
0x00007ffb5fc40000 - 0x00007ffb5fd40000 	C:\Windows\System32\ucrtbase.dll
0x00007ffb54720000 - 0x00007ffb54739000 	C:\Program Files\Android\Android Studio\jre\bin\jli.dll
0x00007ffb60570000 - 0x00007ffb6070d000 	C:\Windows\System32\USER32.dll
0x00007ffb5f9c0000 - 0x00007ffb5f9e2000 	C:\Windows\System32\win32u.dll
0x00007ffb61be0000 - 0x00007ffb61c0b000 	C:\Windows\System32\GDI32.dll
0x00007ffb5fea0000 - 0x00007ffb5ffaf000 	C:\Windows\System32\gdi32full.dll
0x00007ffb5f9f0000 - 0x00007ffb5fa8d000 	C:\Windows\System32\msvcp_win.dll
0x00007ffb54700000 - 0x00007ffb54717000 	C:\Program Files\Android\Android Studio\jre\bin\VCRUNTIME140.dll
0x00007ffb3eb80000 - 0x00007ffb3ee1a000 	C:\Windows\WinSxS\amd64_microsoft.windows.common-controls_6595b64144ccf1df_6.0.19041.1110_none_60b5254171f9507e\COMCTL32.dll
0x00007ffb613f0000 - 0x00007ffb6148e000 	C:\Windows\System32\msvcrt.dll
0x00007ffb613b0000 - 0x00007ffb613e2000 	C:\Windows\System32\IMM32.DLL
0x00007ffb2d840000 - 0x00007ffb2d8dd000 	C:\Program Files\Android\Android Studio\jre\bin\msvcp140.dll
0x00007ffb0bd60000 - 0x00007ffb0c845000 	C:\Program Files\Android\Android Studio\jre\bin\server\jvm.dll
0x00007ffb60d50000 - 0x00007ffb60dfe000 	C:\Windows\System32\ADVAPI32.dll
0x00007ffb60b80000 - 0x00007ffb60c1c000 	C:\Windows\System32\sechost.dll
0x00007ffb60ee0000 - 0x00007ffb61005000 	C:\Windows\System32\RPCRT4.dll
0x00007ffb61010000 - 0x00007ffb61018000 	C:\Windows\System32\PSAPI.DLL
0x00007ffb55a70000 - 0x00007ffb55a79000 	C:\Windows\SYSTEM32\WSOCK32.dll
0x00007ffb61c10000 - 0x00007ffb61c7b000 	C:\Windows\System32\WS2_32.dll
0x00007ffb431b0000 - 0x00007ffb431d7000 	C:\Windows\SYSTEM32\WINMM.dll
0x00007ffb577d0000 - 0x00007ffb577da000 	C:\Windows\SYSTEM32\VERSION.dll
0x00007ffb5df30000 - 0x00007ffb5df42000 	C:\Windows\SYSTEM32\kernel.appcore.dll
0x00007ffb4d6e0000 - 0x00007ffb4d6f1000 	C:\Program Files\Android\Android Studio\jre\bin\verify.dll
0x00007ffb5dc00000 - 0x00007ffb5dde4000 	C:\Windows\SYSTEM32\DBGHELP.DLL
0x00007ffb56ce0000 - 0x00007ffb56d0c000 	C:\Windows\SYSTEM32\dbgcore.DLL
0x00007ffb5fb00000 - 0x00007ffb5fb82000 	C:\Windows\System32\bcryptPrimitives.dll
0x00007ffb38340000 - 0x00007ffb38369000 	C:\Program Files\Android\Android Studio\jre\bin\java.dll
0x00007ffb55a60000 - 0x00007ffb55a6b000 	C:\Program Files\Android\Android Studio\jre\bin\jimage.dll
0x00007ffb38320000 - 0x00007ffb38338000 	C:\Program Files\Android\Android Studio\jre\bin\zip.dll
0x00007ffb61490000 - 0x00007ffb61bd3000 	C:\Windows\System32\SHELL32.dll

dbghelp: loaded successfully - version: 4.0.5 - missing functions: none
symbol engine: initialized successfully - sym options: 0x614 - pdb path: .;C:\Program Files\Android\Android Studio\jre\bin;C:\Windows\SYSTEM32;C:\Windows\WinSxS\amd64_microsoft.windows.common-controls_6595b64144ccf1df_6.0.19041.1110_none_60b5254171f9507e;C:\Program Files\Android\Android Studio\jre\bin\server

VM Arguments:
java_command: org.jetbrains.kotlin.cli.jvm.K2JVMCompiler @C:\Users\Ing-Yonathan\AndroidStudioProjects\QRScaner\app\build\20221122_9675275931952020196.compiler.options
java_class_path (initial): C:\Users\Ing-Yonathan\.gradle\caches\modules-2\files-2.1\org.jetbrains.kotlin\kotlin-compiler-embeddable\1.7.10\909803167c98606fcf22b4c848647c68e351d48d\kotlin-compiler-embeddable-1.7.10.jar;C:\Users\Ing-Yonathan\.gradle\caches\modules-2\files-2.1\org.jetbrains.kotlin\kotlin-reflect\1.7.10\165e600dfea6185cf5efa700756294cc4904dbeb\kotlin-reflect-1.7.10.jar;C:\Users\Ing-Yonathan\.gradle\caches\modules-2\files-2.1\org.jetbrains.kotlin\kotlin-stdlib\1.7.10\d2abf9e77736acc4450dc4a3f707fa2c10f5099d\kotlin-stdlib-1.7.10.jar;C:\Users\Ing-Yonathan\.gradle\caches\modules-2\files-2.1\org.jetbrains.kotlin\kotlin-script-runtime\1.7.10\c99c87a6988d8fd8d5142e9ed5c9f34a7cf561ee\kotlin-script-runtime-1.7.10.jar;C:\Users\Ing-Yonathan\.gradle\caches\modules-2\files-2.1\org.jetbrains.kotlin\kotlin-daemon-embeddable\1.7.10\3a9f7aef7080d3ae63126cbba4f827ed664f32fa\kotlin-daemon-embeddable-1.7.10.jar;C:\Users\Ing-Yonathan\.gradle\caches\modules-2\files-2.1\org.jetbrains.intellij.deps\trove4j\1.0.20200330\3afb14d5f9ceb459d724e907a21145e8ff394f02\trove4j-1.0.20200330.jar;C:\Users\Ing-Yonathan\.gradle\caches\modules-2\files-2.1\net.java.dev.jna\jna\5.6.0\330f2244e9030119ab3030fc3fededc86713d9cc\jna-5.6.0.jar;C:\Users\Ing-Yonathan\.gradle\caches\modules-2\files-2.1\org.jetbrains.kotlin\kotlin-stdlib-common\1.7.10\bac80c520d0a9e3f3673bc2658c6ed02ef45a76a\kotlin-stdlib-common-1.7.10.jar;C:\Users\Ing-Yonathan\.gradle\caches\modules-2\files-2.1\org.jetbrains\annotations\13.0\919f0dfe192fb4e063e7dacadee7f8bb9a2672a9\annotations-13.0.jar
Launcher Type: SUN_STANDARD

[Global flags]
     intx CICompilerCount                          = 2                                         {product} {ergonomic}
     uint ConcGCThreads                            = 1                                         {product} {ergonomic}
     uint G1ConcRefinementThreads                  = 2                                         {product} {ergonomic}
   size_t G1HeapRegionSize                         = 1048576                                   {product} {ergonomic}
    uintx GCDrainStackTargetSize                   = 64                                        {product} {ergonomic}
   size_t InitialHeapSize                          = 65011712                                  {product} {ergonomic}
   size_t MarkStackSize                            = 4194304                                   {product} {ergonomic}
   size_t MaxHeapSize                              = 1023410176                                {product} {ergonomic}
   size_t MaxNewSize                               = 613416960                                 {product} {ergonomic}
   size_t MinHeapDeltaBytes                        = 1048576                                   {product} {ergonomic}
    uintx NonNMethodCodeHeapSize                   = 5825164                                {pd product} {ergonomic}
    uintx NonProfiledCodeHeapSize                  = 122916538                              {pd product} {ergonomic}
    uintx ProfiledCodeHeapSize                     = 122916538                              {pd product} {ergonomic}
    uintx ReservedCodeCacheSize                    = 251658240                              {pd product} {ergonomic}
     bool SegmentedCodeCache                       = true                                      {product} {ergonomic}
     bool UseCompressedClassPointers               = true                                 {lp64_product} {ergonomic}
     bool UseCompressedOops                        = true                                 {lp64_product} {ergonomic}
     bool UseG1GC                                  = true                                      {product} {ergonomic}
     bool UseLargePagesIndividualAllocation        = false                                  {pd product} {ergonomic}

Logging:
Log output configuration:
 #0: stdout all=warning uptime,level,tags
 #1: stderr all=off uptime,level,tags

Environment Variables:
PATH=C:\Windows\system32;C:\Windows;C:\Windows\System32\Wbem;C:\Windows\System32\WindowsPowerShell\v1.0\;C:\Windows\System32\OpenSSH\;C:\laragon\bin\php\php-7.4.19-Win32-vc15-x64;C:\composer;C:\Program Files\Git\cmd;C:\Users\Ing-Yonathan\AppData\Local\Microsoft\WindowsApps;C:\Users\Ing-Yonathan\AppData\Local\Programs\Microsoft VS Code\bin;C:\Users\Ing-Yonathan\AppData\Local\GitHubDesktop\bin;C:\Users\Ing-Yonathan\AppData\Roaming\Composer\vendor\bin;C:\Users\Ing-Yonathan\AppData\Local\Programs\oh-my-posh\bin
USERNAME=Ing-Yonathan
OS=Windows_NT
PROCESSOR_IDENTIFIER=Intel64 Family 6 Model 122 Stepping 8, GenuineIntel



---------------  S Y S T E M  ---------------

OS: Windows 10 , 64 bit Build 19041 (10.0.19041.2251)
OS uptime: 9 days 9:07 hours

CPU:total 2 (initial active 2) (2 cores per cpu, 1 threads per core) family 6 model 122 stepping 8 microcode 0x1e, cmov, cx8, fxsr, mmx, sse, sse2, sse3, ssse3, sse4.1, sse4.2, popcnt, aes, clmul, erms, 3dnowpref, tsc, tscinvbit, sha

Memory: 4k page, system-wide physical 3901M (158M free)
TotalPageFile size 15677M (AvailPageFile size 1M)
current process WorkingSet (physical memory assigned to process): 20M, peak: 20M
current process commit charge ("private bytes"): 116M, peak: 117M

vm_info: OpenJDK 64-Bit Server VM (11.0.12+7-b1504.28-7817840) for windows-amd64 JRE (11.0.12+7-b1504.28-7817840), built on Oct 13 2021 22:12:33 by "builder" with MS VC++ 14.0 (VS2015)

END.
