#
# There is insufficient memory for the Java Runtime Environment to continue.
# Native memory allocation (malloc) failed to allocate 1750576 bytes for Chunk::new
# Possible reasons:
#   The system is out of physical RAM or swap space
#   The process is running with CompressedOops enabled, and the Java Heap may be blocking the growth of the native heap
# Possible solutions:
#   Reduce memory load on the system
#   Increase physical memory or swap space
#   Check if swap backing store is full
#   Decrease Java heap size (-Xmx/-Xms)
#   Decrease number of Java threads
#   Decrease Java thread stack sizes (-Xss)
#   Set larger code cache with -XX:ReservedCodeCacheSize=
#   JVM is running with Unscaled Compressed Oops mode in which the Java heap is
#     placed in the first 4GB address space. The Java Heap base address is the
#     maximum limit for the native heap growth. Please use -XX:HeapBaseMinAddress
#     to set the Java Heap base and to place the Java Heap above 4GB virtual address.
# This output file may be truncated or incomplete.
#
#  Out of Memory Error (./src/hotspot/share/memory/arena.cpp:197), pid=6624, tid=7504
#
# JRE version: OpenJDK Runtime Environment (11.0.12+7) (build 11.0.12+7-b1504.28-7817840)
# Java VM: OpenJDK 64-Bit Server VM (11.0.12+7-b1504.28-7817840, mixed mode, tiered, compressed oops, g1 gc, windows-amd64)
# No core dump will be written. Minidumps are not enabled by default on client versions of Windows
#

---------------  S U M M A R Y ------------

Command Line: org.jetbrains.kotlin.cli.jvm.K2JVMCompiler @C:\Users\Ing-Yonathan\AndroidStudioProjects\QRScaner\app\build\20221116_9683517137662294171.compiler.options

Host: Intel(R) Celeron(R) N4020 CPU @ 1.10GHz, 2 cores, 3G,  Windows 10 , 64 bit Build 19041 (10.0.19041.2251)
Time: Wed Nov 16 09:59:51 2022 Hora estándar de Venezuela elapsed time: 62.372130 seconds (0d 0h 1m 2s)

---------------  T H R E A D  ---------------

Current thread (0x000001df772b1800):  JavaThread "C2 CompilerThread0" daemon [_thread_in_native, id=7504, stack(0x0000003434b00000,0x0000003434c00000)]


Current CompileTask:
C2:  62372 14774       4       org.jetbrains.kotlin.types.AbstractTypeMapper::mapType (443 bytes)

Stack: [0x0000003434b00000,0x0000003434c00000]
Native frames: (J=compiled Java code, j=interpreted, Vv=VM code, C=native code)
V  [jvm.dll+0x5fbcea]
V  [jvm.dll+0x731905]
V  [jvm.dll+0x732f1d]
V  [jvm.dll+0x7335d3]
V  [jvm.dll+0x247bf8]
V  [jvm.dll+0xc018c]
V  [jvm.dll+0xc06cc]
V  [jvm.dll+0x35b31d]
V  [jvm.dll+0x328803]
V  [jvm.dll+0x327cfa]
V  [jvm.dll+0x200602]
V  [jvm.dll+0x1ff794]
V  [jvm.dll+0x18868c]
V  [jvm.dll+0x20e0d7]
V  [jvm.dll+0x20c901]
V  [jvm.dll+0x6f9b7f]
V  [jvm.dll+0x6f26a5]
V  [jvm.dll+0x5fabf6]
C  [ucrtbase.dll+0x21bb2]
C  [KERNEL32.DLL+0x174b4]
C  [ntdll.dll+0x526a1]


---------------  P R O C E S S  ---------------

Threads class SMR info:
_java_thread_list=0x000001df775799a0, length=10, elements={
0x000001df6e3aa000, 0x000001df77287800, 0x000001df77289000, 0x000001df772a9000,
0x000001df772aa800, 0x000001df772ae800, 0x000001df772b1800, 0x000001df77489000,
0x000001df77496800, 0x000001df77585000
}

Java Threads: ( => current thread )
  0x000001df6e3aa000 JavaThread "main" [_thread_in_Java, id=11644, stack(0x0000003433f00000,0x0000003434000000)]
  0x000001df77287800 JavaThread "Reference Handler" daemon [_thread_blocked, id=13264, stack(0x0000003434600000,0x0000003434700000)]
  0x000001df77289000 JavaThread "Finalizer" daemon [_thread_blocked, id=2188, stack(0x0000003434700000,0x0000003434800000)]
  0x000001df772a9000 JavaThread "Signal Dispatcher" daemon [_thread_blocked, id=4248, stack(0x0000003434800000,0x0000003434900000)]
  0x000001df772aa800 JavaThread "Attach Listener" daemon [_thread_blocked, id=3800, stack(0x0000003434900000,0x0000003434a00000)]
  0x000001df772ae800 JavaThread "Service Thread" daemon [_thread_blocked, id=11720, stack(0x0000003434a00000,0x0000003434b00000)]
=>0x000001df772b1800 JavaThread "C2 CompilerThread0" daemon [_thread_in_native, id=7504, stack(0x0000003434b00000,0x0000003434c00000)]
  0x000001df77489000 JavaThread "C1 CompilerThread0" daemon [_thread_blocked, id=12308, stack(0x0000003434c00000,0x0000003434d00000)]
  0x000001df77496800 JavaThread "Sweeper thread" daemon [_thread_blocked, id=13912, stack(0x0000003434d00000,0x0000003434e00000)]
  0x000001df77585000 JavaThread "Common-Cleaner" daemon [_thread_blocked, id=6044, stack(0x0000003434f00000,0x0000003435000000)]

Other Threads:
  0x000001df77284000 VMThread "VM Thread" [stack: 0x0000003434500000,0x0000003434600000] [id=8264]
  0x000001df77578800 WatcherThread [stack: 0x0000003434e00000,0x0000003434f00000] [id=13300]
  0x000001df6e3c2000 GCTaskThread "GC Thread#0" [stack: 0x0000003434000000,0x0000003434100000] [id=14432]
  0x000001df7773b800 GCTaskThread "GC Thread#1" [stack: 0x0000003435000000,0x0000003435100000] [id=2608]
  0x000001df6e3db800 ConcurrentGCThread "G1 Main Marker" [stack: 0x0000003434100000,0x0000003434200000] [id=1124]
  0x000001df6e3dd000 ConcurrentGCThread "G1 Conc#0" [stack: 0x0000003434200000,0x0000003434300000] [id=12468]
  0x000001df6e41a800 ConcurrentGCThread "G1 Refine#0" [stack: 0x0000003434300000,0x0000003434400000] [id=13228]
  0x000001df6e41d800 ConcurrentGCThread "G1 Young RemSet Sampling" [stack: 0x0000003434400000,0x0000003434500000] [id=10112]

Threads with active compile tasks:
C2 CompilerThread0  62410 14774       4       org.jetbrains.kotlin.types.AbstractTypeMapper::mapType (443 bytes)

VM state:not at safepoint (normal execution)

VM Mutex/Monitor currently owned by a thread: None

Heap address: 0x00000000c3000000, size: 976 MB, Compressed Oops mode: 32-bit
Narrow klass base: 0x0000000000000000, Narrow klass shift: 3
Compressed class space size: 1073741824 Address: 0x0000000100000000

Heap:
 garbage-first heap   total 231424K, used 90403K [0x00000000c3000000, 0x0000000100000000)
  region size 1024K, 14 young (14336K), 4 survivors (4096K)
 Metaspace       used 88123K, capacity 89037K, committed 89088K, reserved 1128448K
  class space    used 9309K, capacity 9691K, committed 9728K, reserved 1048576K
Heap Regions: E=young(eden), S=young(survivor), O=old, HS=humongous(starts), HC=humongous(continues), CS=collection set, F=free, A=archive, TAMS=top-at-mark-start (previous, next)
|   0|0x00000000c3000000, 0x00000000c3100000, 0x00000000c3100000|100%|HS|  |TAMS 0x00000000c3100000, 0x00000000c3000000| Complete 
|   1|0x00000000c3100000, 0x00000000c3200000, 0x00000000c3200000|100%|HC|  |TAMS 0x00000000c3200000, 0x00000000c3100000| Complete 
|   2|0x00000000c3200000, 0x00000000c3300000, 0x00000000c3300000|100%|HC|  |TAMS 0x00000000c3300000, 0x00000000c3200000| Complete 
|   3|0x00000000c3300000, 0x00000000c3400000, 0x00000000c3400000|100%| O|  |TAMS 0x00000000c3400000, 0x00000000c3300000| Untracked 
|   4|0x00000000c3400000, 0x00000000c3500000, 0x00000000c3500000|100%| O|  |TAMS 0x00000000c3500000, 0x00000000c3400000| Untracked 
|   5|0x00000000c3500000, 0x00000000c3600000, 0x00000000c3600000|100%| O|  |TAMS 0x00000000c3600000, 0x00000000c3500000| Untracked 
|   6|0x00000000c3600000, 0x00000000c3700000, 0x00000000c3700000|100%| O|  |TAMS 0x00000000c3700000, 0x00000000c3600000| Untracked 
|   7|0x00000000c3700000, 0x00000000c3800000, 0x00000000c3800000|100%| O|  |TAMS 0x00000000c3800000, 0x00000000c3700000| Untracked 
|   8|0x00000000c3800000, 0x00000000c3900000, 0x00000000c3900000|100%| O|  |TAMS 0x00000000c3900000, 0x00000000c3800000| Untracked 
|   9|0x00000000c3900000, 0x00000000c3a00000, 0x00000000c3a00000|100%|HS|  |TAMS 0x00000000c3a00000, 0x00000000c3900000| Complete 
|  10|0x00000000c3a00000, 0x00000000c3b00000, 0x00000000c3b00000|100%|HC|  |TAMS 0x00000000c3b00000, 0x00000000c3a00000| Complete 
|  11|0x00000000c3b00000, 0x00000000c3c00000, 0x00000000c3c00000|100%|HC|  |TAMS 0x00000000c3c00000, 0x00000000c3b00000| Complete 
|  12|0x00000000c3c00000, 0x00000000c3d00000, 0x00000000c3d00000|100%| O|  |TAMS 0x00000000c3d00000, 0x00000000c3c00000| Untracked 
|  13|0x00000000c3d00000, 0x00000000c3e00000, 0x00000000c3e00000|100%| O|  |TAMS 0x00000000c3e00000, 0x00000000c3d00000| Untracked 
|  14|0x00000000c3e00000, 0x00000000c3f00000, 0x00000000c3f00000|100%| O|  |TAMS 0x00000000c3f00000, 0x00000000c3e00000| Untracked 
|  15|0x00000000c3f00000, 0x00000000c4000000, 0x00000000c4000000|100%| O|  |TAMS 0x00000000c4000000, 0x00000000c3f00000| Untracked 
|  16|0x00000000c4000000, 0x00000000c4100000, 0x00000000c4100000|100%| O|  |TAMS 0x00000000c4100000, 0x00000000c4000000| Untracked 
|  17|0x00000000c4100000, 0x00000000c4200000, 0x00000000c4200000|100%| O|  |TAMS 0x00000000c4200000, 0x00000000c4100000| Untracked 
|  18|0x00000000c4200000, 0x00000000c4300000, 0x00000000c4300000|100%| O|  |TAMS 0x00000000c4300000, 0x00000000c4200000| Untracked 
|  19|0x00000000c4300000, 0x00000000c4400000, 0x00000000c4400000|100%| O|  |TAMS 0x00000000c4400000, 0x00000000c4300000| Untracked 
|  20|0x00000000c4400000, 0x00000000c4500000, 0x00000000c4500000|100%| O|  |TAMS 0x00000000c4500000, 0x00000000c4400000| Untracked 
|  21|0x00000000c4500000, 0x00000000c4600000, 0x00000000c4600000|100%| O|  |TAMS 0x00000000c4600000, 0x00000000c4500000| Untracked 
|  22|0x00000000c4600000, 0x00000000c4700000, 0x00000000c4700000|100%| O|  |TAMS 0x00000000c4700000, 0x00000000c4600000| Untracked 
|  23|0x00000000c4700000, 0x00000000c4800000, 0x00000000c4800000|100%| O|  |TAMS 0x00000000c4800000, 0x00000000c4700000| Untracked 
|  24|0x00000000c4800000, 0x00000000c4900000, 0x00000000c4900000|100%|HS|  |TAMS 0x00000000c4900000, 0x00000000c4800000| Complete 
|  25|0x00000000c4900000, 0x00000000c4a00000, 0x00000000c4a00000|100%|HC|  |TAMS 0x00000000c4a00000, 0x00000000c4900000| Complete 
|  26|0x00000000c4a00000, 0x00000000c4b00000, 0x00000000c4b00000|100%| O|  |TAMS 0x00000000c4b00000, 0x00000000c4a00000| Untracked 
|  27|0x00000000c4b00000, 0x00000000c4c00000, 0x00000000c4c00000|100%| O|  |TAMS 0x00000000c4c00000, 0x00000000c4b00000| Untracked 
|  28|0x00000000c4c00000, 0x00000000c4d00000, 0x00000000c4d00000|100%| O|  |TAMS 0x00000000c4d00000, 0x00000000c4c00000| Untracked 
|  29|0x00000000c4d00000, 0x00000000c4e00000, 0x00000000c4e00000|100%| O|  |TAMS 0x00000000c4e00000, 0x00000000c4d00000| Untracked 
|  30|0x00000000c4e00000, 0x00000000c4f00000, 0x00000000c4f00000|100%| O|  |TAMS 0x00000000c4f00000, 0x00000000c4e00000| Untracked 
|  31|0x00000000c4f00000, 0x00000000c5000000, 0x00000000c5000000|100%| O|  |TAMS 0x00000000c5000000, 0x00000000c4f00000| Untracked 
|  32|0x00000000c5000000, 0x00000000c5100000, 0x00000000c5100000|100%| O|  |TAMS 0x00000000c5100000, 0x00000000c5000000| Untracked 
|  33|0x00000000c5100000, 0x00000000c5200000, 0x00000000c5200000|100%| O|  |TAMS 0x00000000c5200000, 0x00000000c5100000| Untracked 
|  34|0x00000000c5200000, 0x00000000c5300000, 0x00000000c5300000|100%| O|  |TAMS 0x00000000c5300000, 0x00000000c5200000| Untracked 
|  35|0x00000000c5300000, 0x00000000c5400000, 0x00000000c5400000|100%| O|  |TAMS 0x00000000c5400000, 0x00000000c5300000| Untracked 
|  36|0x00000000c5400000, 0x00000000c5500000, 0x00000000c5500000|100%| O|  |TAMS 0x00000000c5500000, 0x00000000c5400000| Untracked 
|  37|0x00000000c5500000, 0x00000000c5600000, 0x00000000c5600000|100%| O|  |TAMS 0x00000000c5600000, 0x00000000c5500000| Untracked 
|  38|0x00000000c5600000, 0x00000000c5700000, 0x00000000c5700000|100%| O|  |TAMS 0x00000000c5700000, 0x00000000c5600000| Untracked 
|  39|0x00000000c5700000, 0x00000000c5800000, 0x00000000c5800000|100%| O|  |TAMS 0x00000000c5800000, 0x00000000c5700000| Untracked 
|  40|0x00000000c5800000, 0x00000000c5900000, 0x00000000c5900000|100%| O|  |TAMS 0x00000000c5900000, 0x00000000c5800000| Untracked 
|  41|0x00000000c5900000, 0x00000000c5a00000, 0x00000000c5a00000|100%| O|  |TAMS 0x00000000c5a00000, 0x00000000c5900000| Untracked 
|  42|0x00000000c5a00000, 0x00000000c5b00000, 0x00000000c5b00000|100%| O|  |TAMS 0x00000000c5b00000, 0x00000000c5a00000| Untracked 
|  43|0x00000000c5b00000, 0x00000000c5c00000, 0x00000000c5c00000|100%| O|  |TAMS 0x00000000c5c00000, 0x00000000c5b00000| Untracked 
|  44|0x00000000c5c00000, 0x00000000c5d00000, 0x00000000c5d00000|100%| O|  |TAMS 0x00000000c5d00000, 0x00000000c5c00000| Untracked 
|  45|0x00000000c5d00000, 0x00000000c5e00000, 0x00000000c5e00000|100%| O|  |TAMS 0x00000000c5e00000, 0x00000000c5d00000| Untracked 
|  46|0x00000000c5e00000, 0x00000000c5f00000, 0x00000000c5f00000|100%| O|  |TAMS 0x00000000c5f00000, 0x00000000c5e00000| Untracked 
|  47|0x00000000c5f00000, 0x00000000c6000000, 0x00000000c6000000|100%| O|  |TAMS 0x00000000c6000000, 0x00000000c5f00000| Untracked 
|  48|0x00000000c6000000, 0x00000000c6100000, 0x00000000c6100000|100%| O|  |TAMS 0x00000000c6100000, 0x00000000c6000000| Untracked 
|  49|0x00000000c6100000, 0x00000000c6200000, 0x00000000c6200000|100%| O|  |TAMS 0x00000000c6200000, 0x00000000c6100000| Untracked 
|  50|0x00000000c6200000, 0x00000000c6300000, 0x00000000c6300000|100%| O|  |TAMS 0x00000000c6300000, 0x00000000c6200000| Untracked 
|  51|0x00000000c6300000, 0x00000000c6400000, 0x00000000c6400000|100%| O|  |TAMS 0x00000000c6400000, 0x00000000c6300000| Untracked 
|  52|0x00000000c6400000, 0x00000000c6500000, 0x00000000c6500000|100%| O|  |TAMS 0x00000000c6500000, 0x00000000c6400000| Untracked 
|  53|0x00000000c6500000, 0x00000000c6600000, 0x00000000c6600000|100%| O|  |TAMS 0x00000000c6600000, 0x00000000c6500000| Untracked 
|  54|0x00000000c6600000, 0x00000000c6700000, 0x00000000c6700000|100%| O|  |TAMS 0x00000000c6700000, 0x00000000c6600000| Untracked 
|  55|0x00000000c6700000, 0x00000000c6800000, 0x00000000c6800000|100%| O|  |TAMS 0x00000000c6800000, 0x00000000c6700000| Untracked 
|  56|0x00000000c6800000, 0x00000000c6900000, 0x00000000c6900000|100%| O|  |TAMS 0x00000000c6900000, 0x00000000c6800000| Untracked 
|  57|0x00000000c6900000, 0x00000000c6a00000, 0x00000000c6a00000|100%| O|  |TAMS 0x00000000c6a00000, 0x00000000c6900000| Untracked 
|  58|0x00000000c6a00000, 0x00000000c6b00000, 0x00000000c6b00000|100%| O|  |TAMS 0x00000000c6b00000, 0x00000000c6a00000| Untracked 
|  59|0x00000000c6b00000, 0x00000000c6c00000, 0x00000000c6c00000|100%| O|  |TAMS 0x00000000c6c00000, 0x00000000c6b00000| Untracked 
|  60|0x00000000c6c00000, 0x00000000c6d00000, 0x00000000c6d00000|100%| O|  |TAMS 0x00000000c6d00000, 0x00000000c6c00000| Untracked 
|  61|0x00000000c6d00000, 0x00000000c6d12000, 0x00000000c6e00000|  7%| O|  |TAMS 0x00000000c6d00000, 0x00000000c6d00000| Untracked 
|  62|0x00000000c6e00000, 0x00000000c6f00000, 0x00000000c6f00000|100%| O|  |TAMS 0x00000000c6f00000, 0x00000000c6e00000| Untracked 
|  63|0x00000000c6f00000, 0x00000000c7000000, 0x00000000c7000000|100%| O|  |TAMS 0x00000000c7000000, 0x00000000c6f00000| Untracked 
|  64|0x00000000c7000000, 0x00000000c7100000, 0x00000000c7100000|100%| O|  |TAMS 0x00000000c7100000, 0x00000000c7000000| Untracked 
|  65|0x00000000c7100000, 0x00000000c7200000, 0x00000000c7200000|100%| O|  |TAMS 0x00000000c7200000, 0x00000000c7100000| Untracked 
|  66|0x00000000c7200000, 0x00000000c7300000, 0x00000000c7300000|100%| O|  |TAMS 0x00000000c7300000, 0x00000000c7200000| Untracked 
|  67|0x00000000c7300000, 0x00000000c7400000, 0x00000000c7400000|100%| O|  |TAMS 0x00000000c7400000, 0x00000000c7300000| Untracked 
|  68|0x00000000c7400000, 0x00000000c7500000, 0x00000000c7500000|100%| O|  |TAMS 0x00000000c7500000, 0x00000000c7400000| Untracked 
|  69|0x00000000c7500000, 0x00000000c7600000, 0x00000000c7600000|100%| O|  |TAMS 0x00000000c7600000, 0x00000000c7500000| Untracked 
|  70|0x00000000c7600000, 0x00000000c7700000, 0x00000000c7700000|100%| O|  |TAMS 0x00000000c7700000, 0x00000000c7600000| Untracked 
|  71|0x00000000c7700000, 0x00000000c7800000, 0x00000000c7800000|100%| O|  |TAMS 0x00000000c7800000, 0x00000000c7700000| Untracked 
|  72|0x00000000c7800000, 0x00000000c7900000, 0x00000000c7900000|100%| O|  |TAMS 0x00000000c7900000, 0x00000000c7800000| Untracked 
|  73|0x00000000c7900000, 0x00000000c7a00000, 0x00000000c7a00000|100%| O|  |TAMS 0x00000000c7a00000, 0x00000000c7900000| Untracked 
|  74|0x00000000c7a00000, 0x00000000c7b00000, 0x00000000c7b00000|100%| O|  |TAMS 0x00000000c7b00000, 0x00000000c7a00000| Untracked 
|  75|0x00000000c7b00000, 0x00000000c7c00000, 0x00000000c7c00000|100%| O|  |TAMS 0x00000000c7c00000, 0x00000000c7b00000| Untracked 
|  76|0x00000000c7c00000, 0x00000000c7d00000, 0x00000000c7d00000|100%| O|  |TAMS 0x00000000c7cc2c00, 0x00000000c7c00000| Untracked 
|  77|0x00000000c7d00000, 0x00000000c7d00000, 0x00000000c7e00000|  0%| F|  |TAMS 0x00000000c7d00000, 0x00000000c7d00000| Untracked 
|  78|0x00000000c7e00000, 0x00000000c7e00000, 0x00000000c7f00000|  0%| F|  |TAMS 0x00000000c7e00000, 0x00000000c7e00000| Untracked 
|  79|0x00000000c7f00000, 0x00000000c7f00000, 0x00000000c8000000|  0%| F|  |TAMS 0x00000000c7f00000, 0x00000000c7f00000| Untracked 
|  80|0x00000000c8000000, 0x00000000c8000000, 0x00000000c8100000|  0%| F|  |TAMS 0x00000000c8000000, 0x00000000c8000000| Untracked 
|  81|0x00000000c8100000, 0x00000000c8100000, 0x00000000c8200000|  0%| F|  |TAMS 0x00000000c8100000, 0x00000000c8100000| Untracked 
|  82|0x00000000c8200000, 0x00000000c8200000, 0x00000000c8300000|  0%| F|  |TAMS 0x00000000c8200000, 0x00000000c8200000| Untracked 
|  83|0x00000000c8300000, 0x00000000c8300000, 0x00000000c8400000|  0%| F|  |TAMS 0x00000000c8300000, 0x00000000c8300000| Untracked 
|  84|0x00000000c8400000, 0x00000000c8400000, 0x00000000c8500000|  0%| F|  |TAMS 0x00000000c8400000, 0x00000000c8400000| Untracked 
|  85|0x00000000c8500000, 0x00000000c8500000, 0x00000000c8600000|  0%| F|  |TAMS 0x00000000c8500000, 0x00000000c8500000| Untracked 
|  86|0x00000000c8600000, 0x00000000c8600000, 0x00000000c8700000|  0%| F|  |TAMS 0x00000000c8600000, 0x00000000c8600000| Untracked 
|  87|0x00000000c8700000, 0x00000000c8700000, 0x00000000c8800000|  0%| F|  |TAMS 0x00000000c8700000, 0x00000000c8700000| Untracked 
|  88|0x00000000c8800000, 0x00000000c8800000, 0x00000000c8900000|  0%| F|  |TAMS 0x00000000c8800000, 0x00000000c8800000| Untracked 
|  89|0x00000000c8900000, 0x00000000c8900000, 0x00000000c8a00000|  0%| F|  |TAMS 0x00000000c8900000, 0x00000000c8900000| Untracked 
|  90|0x00000000c8a00000, 0x00000000c8a00000, 0x00000000c8b00000|  0%| F|  |TAMS 0x00000000c8a00000, 0x00000000c8a00000| Untracked 
|  91|0x00000000c8b00000, 0x00000000c8b00000, 0x00000000c8c00000|  0%| F|  |TAMS 0x00000000c8b00000, 0x00000000c8b00000| Untracked 
|  92|0x00000000c8c00000, 0x00000000c8c00000, 0x00000000c8d00000|  0%| F|  |TAMS 0x00000000c8c00000, 0x00000000c8c00000| Untracked 
|  93|0x00000000c8d00000, 0x00000000c8d00000, 0x00000000c8e00000|  0%| F|  |TAMS 0x00000000c8d00000, 0x00000000c8d00000| Untracked 
|  94|0x00000000c8e00000, 0x00000000c8e00000, 0x00000000c8f00000|  0%| F|  |TAMS 0x00000000c8e00000, 0x00000000c8e00000| Untracked 
|  95|0x00000000c8f00000, 0x00000000c8f00000, 0x00000000c9000000|  0%| F|  |TAMS 0x00000000c8f00000, 0x00000000c8f00000| Untracked 
|  96|0x00000000c9000000, 0x00000000c9000000, 0x00000000c9100000|  0%| F|  |TAMS 0x00000000c9000000, 0x00000000c9000000| Untracked 
|  97|0x00000000c9100000, 0x00000000c9100000, 0x00000000c9200000|  0%| F|  |TAMS 0x00000000c9100000, 0x00000000c9100000| Untracked 
|  98|0x00000000c9200000, 0x00000000c9200000, 0x00000000c9300000|  0%| F|  |TAMS 0x00000000c9200000, 0x00000000c9200000| Untracked 
|  99|0x00000000c9300000, 0x00000000c9300000, 0x00000000c9400000|  0%| F|  |TAMS 0x00000000c9300000, 0x00000000c9300000| Untracked 
| 100|0x00000000c9400000, 0x00000000c9400000, 0x00000000c9500000|  0%| F|  |TAMS 0x00000000c9400000, 0x00000000c9400000| Untracked 
| 101|0x00000000c9500000, 0x00000000c9500000, 0x00000000c9600000|  0%| F|  |TAMS 0x00000000c9500000, 0x00000000c9500000| Untracked 
| 102|0x00000000c9600000, 0x00000000c9600000, 0x00000000c9700000|  0%| F|  |TAMS 0x00000000c9600000, 0x00000000c9600000| Untracked 
| 103|0x00000000c9700000, 0x00000000c9700000, 0x00000000c9800000|  0%| F|  |TAMS 0x00000000c9700000, 0x00000000c9700000| Untracked 
| 104|0x00000000c9800000, 0x00000000c9800000, 0x00000000c9900000|  0%| F|  |TAMS 0x00000000c9800000, 0x00000000c9800000| Untracked 
| 105|0x00000000c9900000, 0x00000000c9900000, 0x00000000c9a00000|  0%| F|  |TAMS 0x00000000c9900000, 0x00000000c9900000| Untracked 
| 106|0x00000000c9a00000, 0x00000000c9a00000, 0x00000000c9b00000|  0%| F|  |TAMS 0x00000000c9a00000, 0x00000000c9a00000| Untracked 
| 107|0x00000000c9b00000, 0x00000000c9b00000, 0x00000000c9c00000|  0%| F|  |TAMS 0x00000000c9b00000, 0x00000000c9b00000| Untracked 
| 108|0x00000000c9c00000, 0x00000000c9c00000, 0x00000000c9d00000|  0%| F|  |TAMS 0x00000000c9c00000, 0x00000000c9c00000| Untracked 
| 109|0x00000000c9d00000, 0x00000000c9d00000, 0x00000000c9e00000|  0%| F|  |TAMS 0x00000000c9d00000, 0x00000000c9d00000| Untracked 
| 110|0x00000000c9e00000, 0x00000000c9e00000, 0x00000000c9f00000|  0%| F|  |TAMS 0x00000000c9e00000, 0x00000000c9e00000| Untracked 
| 111|0x00000000c9f00000, 0x00000000c9f00000, 0x00000000ca000000|  0%| F|  |TAMS 0x00000000c9f00000, 0x00000000c9f00000| Untracked 
| 112|0x00000000ca000000, 0x00000000ca000000, 0x00000000ca100000|  0%| F|  |TAMS 0x00000000ca000000, 0x00000000ca000000| Untracked 
| 113|0x00000000ca100000, 0x00000000ca100000, 0x00000000ca200000|  0%| F|  |TAMS 0x00000000ca100000, 0x00000000ca100000| Untracked 
| 114|0x00000000ca200000, 0x00000000ca200000, 0x00000000ca300000|  0%| F|  |TAMS 0x00000000ca200000, 0x00000000ca200000| Untracked 
| 115|0x00000000ca300000, 0x00000000ca300000, 0x00000000ca400000|  0%| F|  |TAMS 0x00000000ca300000, 0x00000000ca300000| Untracked 
| 116|0x00000000ca400000, 0x00000000ca400000, 0x00000000ca500000|  0%| F|  |TAMS 0x00000000ca400000, 0x00000000ca400000| Untracked 
| 117|0x00000000ca500000, 0x00000000ca500000, 0x00000000ca600000|  0%| F|  |TAMS 0x00000000ca500000, 0x00000000ca500000| Untracked 
| 118|0x00000000ca600000, 0x00000000ca600000, 0x00000000ca700000|  0%| F|  |TAMS 0x00000000ca600000, 0x00000000ca600000| Untracked 
| 119|0x00000000ca700000, 0x00000000ca700000, 0x00000000ca800000|  0%| F|  |TAMS 0x00000000ca700000, 0x00000000ca700000| Untracked 
| 120|0x00000000ca800000, 0x00000000ca800000, 0x00000000ca900000|  0%| F|  |TAMS 0x00000000ca800000, 0x00000000ca800000| Untracked 
| 121|0x00000000ca900000, 0x00000000ca900000, 0x00000000caa00000|  0%| F|  |TAMS 0x00000000ca900000, 0x00000000ca900000| Untracked 
| 122|0x00000000caa00000, 0x00000000caa00000, 0x00000000cab00000|  0%| F|  |TAMS 0x00000000caa00000, 0x00000000caa00000| Untracked 
| 123|0x00000000cab00000, 0x00000000cab00000, 0x00000000cac00000|  0%| F|  |TAMS 0x00000000cab00000, 0x00000000cab00000| Untracked 
| 124|0x00000000cac00000, 0x00000000cac00000, 0x00000000cad00000|  0%| F|  |TAMS 0x00000000cac00000, 0x00000000cac00000| Untracked 
| 125|0x00000000cad00000, 0x00000000cad00000, 0x00000000cae00000|  0%| F|  |TAMS 0x00000000cad00000, 0x00000000cad00000| Untracked 
| 126|0x00000000cae00000, 0x00000000cae00000, 0x00000000caf00000|  0%| F|  |TAMS 0x00000000cae00000, 0x00000000cae00000| Untracked 
| 127|0x00000000caf00000, 0x00000000caf00000, 0x00000000cb000000|  0%| F|  |TAMS 0x00000000caf00000, 0x00000000caf00000| Untracked 
| 128|0x00000000cb000000, 0x00000000cb000000, 0x00000000cb100000|  0%| F|  |TAMS 0x00000000cb000000, 0x00000000cb000000| Untracked 
| 129|0x00000000cb100000, 0x00000000cb100000, 0x00000000cb200000|  0%| F|  |TAMS 0x00000000cb100000, 0x00000000cb100000| Untracked 
| 130|0x00000000cb200000, 0x00000000cb200000, 0x00000000cb300000|  0%| F|  |TAMS 0x00000000cb200000, 0x00000000cb200000| Untracked 
| 131|0x00000000cb300000, 0x00000000cb300000, 0x00000000cb400000|  0%| F|  |TAMS 0x00000000cb300000, 0x00000000cb300000| Untracked 
| 132|0x00000000cb400000, 0x00000000cb400000, 0x00000000cb500000|  0%| F|  |TAMS 0x00000000cb400000, 0x00000000cb400000| Untracked 
| 133|0x00000000cb500000, 0x00000000cb500000, 0x00000000cb600000|  0%| F|  |TAMS 0x00000000cb500000, 0x00000000cb500000| Untracked 
| 134|0x00000000cb600000, 0x00000000cb600000, 0x00000000cb700000|  0%| F|  |TAMS 0x00000000cb600000, 0x00000000cb600000| Untracked 
| 135|0x00000000cb700000, 0x00000000cb700000, 0x00000000cb800000|  0%| F|  |TAMS 0x00000000cb700000, 0x00000000cb700000| Untracked 
| 136|0x00000000cb800000, 0x00000000cb800000, 0x00000000cb900000|  0%| F|  |TAMS 0x00000000cb800000, 0x00000000cb800000| Untracked 
| 137|0x00000000cb900000, 0x00000000cb900000, 0x00000000cba00000|  0%| F|  |TAMS 0x00000000cb900000, 0x00000000cb900000| Untracked 
| 138|0x00000000cba00000, 0x00000000cba00000, 0x00000000cbb00000|  0%| F|  |TAMS 0x00000000cba00000, 0x00000000cba00000| Untracked 
| 139|0x00000000cbb00000, 0x00000000cbb00000, 0x00000000cbc00000|  0%| F|  |TAMS 0x00000000cbb00000, 0x00000000cbb00000| Untracked 
| 140|0x00000000cbc00000, 0x00000000cbc00000, 0x00000000cbd00000|  0%| F|  |TAMS 0x00000000cbc00000, 0x00000000cbc00000| Untracked 
| 141|0x00000000cbd00000, 0x00000000cbd00000, 0x00000000cbe00000|  0%| F|  |TAMS 0x00000000cbd00000, 0x00000000cbd00000| Untracked 
| 142|0x00000000cbe00000, 0x00000000cbe00000, 0x00000000cbf00000|  0%| F|  |TAMS 0x00000000cbe00000, 0x00000000cbe00000| Untracked 
| 143|0x00000000cbf00000, 0x00000000cbf00000, 0x00000000cc000000|  0%| F|  |TAMS 0x00000000cbf00000, 0x00000000cbf00000| Untracked 
| 144|0x00000000cc000000, 0x00000000cc000000, 0x00000000cc100000|  0%| F|  |TAMS 0x00000000cc000000, 0x00000000cc000000| Untracked 
| 145|0x00000000cc100000, 0x00000000cc100000, 0x00000000cc200000|  0%| F|  |TAMS 0x00000000cc100000, 0x00000000cc100000| Untracked 
| 146|0x00000000cc200000, 0x00000000cc200000, 0x00000000cc300000|  0%| F|  |TAMS 0x00000000cc200000, 0x00000000cc200000| Untracked 
| 147|0x00000000cc300000, 0x00000000cc300000, 0x00000000cc400000|  0%| F|  |TAMS 0x00000000cc300000, 0x00000000cc300000| Untracked 
| 148|0x00000000cc400000, 0x00000000cc400000, 0x00000000cc500000|  0%| F|  |TAMS 0x00000000cc400000, 0x00000000cc400000| Untracked 
| 149|0x00000000cc500000, 0x00000000cc500000, 0x00000000cc600000|  0%| F|  |TAMS 0x00000000cc500000, 0x00000000cc500000| Untracked 
| 150|0x00000000cc600000, 0x00000000cc600000, 0x00000000cc700000|  0%| F|  |TAMS 0x00000000cc600000, 0x00000000cc600000| Untracked 
| 151|0x00000000cc700000, 0x00000000cc700000, 0x00000000cc800000|  0%| F|  |TAMS 0x00000000cc700000, 0x00000000cc700000| Untracked 
| 152|0x00000000cc800000, 0x00000000cc800000, 0x00000000cc900000|  0%| F|  |TAMS 0x00000000cc800000, 0x00000000cc800000| Untracked 
| 153|0x00000000cc900000, 0x00000000cc900000, 0x00000000cca00000|  0%| F|  |TAMS 0x00000000cc900000, 0x00000000cc900000| Untracked 
| 154|0x00000000cca00000, 0x00000000cca00000, 0x00000000ccb00000|  0%| F|  |TAMS 0x00000000cca00000, 0x00000000cca00000| Untracked 
| 155|0x00000000ccb00000, 0x00000000ccb00000, 0x00000000ccc00000|  0%| F|  |TAMS 0x00000000ccb00000, 0x00000000ccb00000| Untracked 
| 156|0x00000000ccc00000, 0x00000000ccc00000, 0x00000000ccd00000|  0%| F|  |TAMS 0x00000000ccc00000, 0x00000000ccc00000| Untracked 
| 157|0x00000000ccd00000, 0x00000000ccd00000, 0x00000000cce00000|  0%| F|  |TAMS 0x00000000ccd00000, 0x00000000ccd00000| Untracked 
| 158|0x00000000cce00000, 0x00000000cce00000, 0x00000000ccf00000|  0%| F|  |TAMS 0x00000000cce00000, 0x00000000cce00000| Untracked 
| 159|0x00000000ccf00000, 0x00000000ccf00000, 0x00000000cd000000|  0%| F|  |TAMS 0x00000000ccf00000, 0x00000000ccf00000| Untracked 
| 160|0x00000000cd000000, 0x00000000cd000000, 0x00000000cd100000|  0%| F|  |TAMS 0x00000000cd000000, 0x00000000cd000000| Untracked 
| 161|0x00000000cd100000, 0x00000000cd100000, 0x00000000cd200000|  0%| F|  |TAMS 0x00000000cd100000, 0x00000000cd100000| Untracked 
| 162|0x00000000cd200000, 0x00000000cd200000, 0x00000000cd300000|  0%| F|  |TAMS 0x00000000cd200000, 0x00000000cd200000| Untracked 
| 163|0x00000000cd300000, 0x00000000cd300000, 0x00000000cd400000|  0%| F|  |TAMS 0x00000000cd300000, 0x00000000cd300000| Untracked 
| 164|0x00000000cd400000, 0x00000000cd400000, 0x00000000cd500000|  0%| F|  |TAMS 0x00000000cd400000, 0x00000000cd400000| Untracked 
| 165|0x00000000cd500000, 0x00000000cd500000, 0x00000000cd600000|  0%| F|  |TAMS 0x00000000cd500000, 0x00000000cd500000| Untracked 
| 166|0x00000000cd600000, 0x00000000cd600000, 0x00000000cd700000|  0%| F|  |TAMS 0x00000000cd600000, 0x00000000cd600000| Untracked 
| 167|0x00000000cd700000, 0x00000000cd700000, 0x00000000cd800000|  0%| F|  |TAMS 0x00000000cd700000, 0x00000000cd700000| Untracked 
| 168|0x00000000cd800000, 0x00000000cd800000, 0x00000000cd900000|  0%| F|  |TAMS 0x00000000cd800000, 0x00000000cd800000| Untracked 
| 169|0x00000000cd900000, 0x00000000cd900000, 0x00000000cda00000|  0%| F|  |TAMS 0x00000000cd900000, 0x00000000cd900000| Untracked 
| 170|0x00000000cda00000, 0x00000000cda00000, 0x00000000cdb00000|  0%| F|  |TAMS 0x00000000cda00000, 0x00000000cda00000| Untracked 
| 171|0x00000000cdb00000, 0x00000000cdb00000, 0x00000000cdc00000|  0%| F|  |TAMS 0x00000000cdb00000, 0x00000000cdb00000| Untracked 
| 172|0x00000000cdc00000, 0x00000000cdc00000, 0x00000000cdd00000|  0%| F|  |TAMS 0x00000000cdc00000, 0x00000000cdc00000| Untracked 
| 173|0x00000000cdd00000, 0x00000000cdd00000, 0x00000000cde00000|  0%| F|  |TAMS 0x00000000cdd00000, 0x00000000cdd00000| Untracked 
| 174|0x00000000cde00000, 0x00000000cde00000, 0x00000000cdf00000|  0%| F|  |TAMS 0x00000000cde00000, 0x00000000cde00000| Untracked 
| 175|0x00000000cdf00000, 0x00000000cdf00000, 0x00000000ce000000|  0%| F|  |TAMS 0x00000000cdf00000, 0x00000000cdf00000| Untracked 
| 176|0x00000000ce000000, 0x00000000ce000000, 0x00000000ce100000|  0%| F|  |TAMS 0x00000000ce000000, 0x00000000ce000000| Untracked 
| 177|0x00000000ce100000, 0x00000000ce100000, 0x00000000ce200000|  0%| F|  |TAMS 0x00000000ce100000, 0x00000000ce100000| Untracked 
| 178|0x00000000ce200000, 0x00000000ce200000, 0x00000000ce300000|  0%| F|  |TAMS 0x00000000ce200000, 0x00000000ce200000| Untracked 
| 179|0x00000000ce300000, 0x00000000ce300000, 0x00000000ce400000|  0%| F|  |TAMS 0x00000000ce300000, 0x00000000ce300000| Untracked 
| 180|0x00000000ce400000, 0x00000000ce436ef0, 0x00000000ce500000| 21%| S|CS|TAMS 0x00000000ce400000, 0x00000000ce400000| Complete 
| 181|0x00000000ce500000, 0x00000000ce600000, 0x00000000ce600000|100%| S|CS|TAMS 0x00000000ce500000, 0x00000000ce500000| Complete 
| 182|0x00000000ce600000, 0x00000000ce700000, 0x00000000ce700000|100%| S|CS|TAMS 0x00000000ce600000, 0x00000000ce600000| Complete 
| 183|0x00000000ce700000, 0x00000000ce800000, 0x00000000ce800000|100%| S|CS|TAMS 0x00000000ce700000, 0x00000000ce700000| Complete 
| 184|0x00000000ce800000, 0x00000000ce800000, 0x00000000ce900000|  0%| F|  |TAMS 0x00000000ce800000, 0x00000000ce800000| Untracked 
| 185|0x00000000ce900000, 0x00000000ce900000, 0x00000000cea00000|  0%| F|  |TAMS 0x00000000ce900000, 0x00000000ce900000| Untracked 
| 186|0x00000000cea00000, 0x00000000cea00000, 0x00000000ceb00000|  0%| F|  |TAMS 0x00000000cea00000, 0x00000000cea00000| Untracked 
| 187|0x00000000ceb00000, 0x00000000ceb00000, 0x00000000cec00000|  0%| F|  |TAMS 0x00000000ceb00000, 0x00000000ceb00000| Untracked 
| 188|0x00000000cec00000, 0x00000000cec00000, 0x00000000ced00000|  0%| F|  |TAMS 0x00000000cec00000, 0x00000000cec00000| Untracked 
| 189|0x00000000ced00000, 0x00000000ced00000, 0x00000000cee00000|  0%| F|  |TAMS 0x00000000ced00000, 0x00000000ced00000| Untracked 
| 190|0x00000000cee00000, 0x00000000cee00000, 0x00000000cef00000|  0%| F|  |TAMS 0x00000000cee00000, 0x00000000cee00000| Untracked 
| 191|0x00000000cef00000, 0x00000000cef00000, 0x00000000cf000000|  0%| F|  |TAMS 0x00000000cef00000, 0x00000000cef00000| Untracked 
| 192|0x00000000cf000000, 0x00000000cf000000, 0x00000000cf100000|  0%| F|  |TAMS 0x00000000cf000000, 0x00000000cf000000| Untracked 
| 193|0x00000000cf100000, 0x00000000cf100000, 0x00000000cf200000|  0%| F|  |TAMS 0x00000000cf100000, 0x00000000cf100000| Untracked 
| 194|0x00000000cf200000, 0x00000000cf200000, 0x00000000cf300000|  0%| F|  |TAMS 0x00000000cf200000, 0x00000000cf200000| Untracked 
| 195|0x00000000cf300000, 0x00000000cf300000, 0x00000000cf400000|  0%| F|  |TAMS 0x00000000cf300000, 0x00000000cf300000| Untracked 
| 196|0x00000000cf400000, 0x00000000cf400000, 0x00000000cf500000|  0%| F|  |TAMS 0x00000000cf400000, 0x00000000cf400000| Untracked 
| 197|0x00000000cf500000, 0x00000000cf500000, 0x00000000cf600000|  0%| F|  |TAMS 0x00000000cf500000, 0x00000000cf500000| Untracked 
| 198|0x00000000cf600000, 0x00000000cf600000, 0x00000000cf700000|  0%| F|  |TAMS 0x00000000cf600000, 0x00000000cf600000| Untracked 
| 199|0x00000000cf700000, 0x00000000cf700000, 0x00000000cf800000|  0%| F|  |TAMS 0x00000000cf700000, 0x00000000cf700000| Untracked 
| 200|0x00000000cf800000, 0x00000000cf800000, 0x00000000cf900000|  0%| F|  |TAMS 0x00000000cf800000, 0x00000000cf800000| Untracked 
| 201|0x00000000cf900000, 0x00000000cf900000, 0x00000000cfa00000|  0%| F|  |TAMS 0x00000000cf900000, 0x00000000cf900000| Untracked 
| 202|0x00000000cfa00000, 0x00000000cfa00000, 0x00000000cfb00000|  0%| F|  |TAMS 0x00000000cfa00000, 0x00000000cfa00000| Untracked 
| 203|0x00000000cfb00000, 0x00000000cfb00000, 0x00000000cfc00000|  0%| F|  |TAMS 0x00000000cfb00000, 0x00000000cfb00000| Untracked 
| 204|0x00000000cfc00000, 0x00000000cfc00000, 0x00000000cfd00000|  0%| F|  |TAMS 0x00000000cfc00000, 0x00000000cfc00000| Untracked 
| 205|0x00000000cfd00000, 0x00000000cfd00000, 0x00000000cfe00000|  0%| F|  |TAMS 0x00000000cfd00000, 0x00000000cfd00000| Untracked 
| 206|0x00000000cfe00000, 0x00000000cfe00000, 0x00000000cff00000|  0%| F|  |TAMS 0x00000000cfe00000, 0x00000000cfe00000| Untracked 
| 207|0x00000000cff00000, 0x00000000cff00000, 0x00000000d0000000|  0%| F|  |TAMS 0x00000000cff00000, 0x00000000cff00000| Untracked 
| 208|0x00000000d0000000, 0x00000000d0000000, 0x00000000d0100000|  0%| F|  |TAMS 0x00000000d0000000, 0x00000000d0000000| Untracked 
| 209|0x00000000d0100000, 0x00000000d0100000, 0x00000000d0200000|  0%| F|  |TAMS 0x00000000d0100000, 0x00000000d0100000| Untracked 
| 210|0x00000000d0200000, 0x00000000d0200000, 0x00000000d0300000|  0%| F|  |TAMS 0x00000000d0200000, 0x00000000d0200000| Untracked 
| 211|0x00000000d0300000, 0x00000000d0300000, 0x00000000d0400000|  0%| F|  |TAMS 0x00000000d0300000, 0x00000000d0300000| Untracked 
| 212|0x00000000d0400000, 0x00000000d0400000, 0x00000000d0500000|  0%| F|  |TAMS 0x00000000d0400000, 0x00000000d0400000| Untracked 
| 213|0x00000000d0500000, 0x00000000d0500000, 0x00000000d0600000|  0%| F|  |TAMS 0x00000000d0500000, 0x00000000d0500000| Untracked 
| 214|0x00000000d0600000, 0x00000000d0600000, 0x00000000d0700000|  0%| F|  |TAMS 0x00000000d0600000, 0x00000000d0600000| Untracked 
| 215|0x00000000d0700000, 0x00000000d0700000, 0x00000000d0800000|  0%| F|  |TAMS 0x00000000d0700000, 0x00000000d0700000| Untracked 
| 216|0x00000000d0800000, 0x00000000d0900000, 0x00000000d0900000|100%| E|  |TAMS 0x00000000d0800000, 0x00000000d0800000| Complete 
| 217|0x00000000d0900000, 0x00000000d0a00000, 0x00000000d0a00000|100%| E|CS|TAMS 0x00000000d0900000, 0x00000000d0900000| Complete 
| 218|0x00000000d0a00000, 0x00000000d0b00000, 0x00000000d0b00000|100%| E|CS|TAMS 0x00000000d0a00000, 0x00000000d0a00000| Complete 
| 219|0x00000000d0b00000, 0x00000000d0c00000, 0x00000000d0c00000|100%| E|CS|TAMS 0x00000000d0b00000, 0x00000000d0b00000| Complete 
| 220|0x00000000d0c00000, 0x00000000d0d00000, 0x00000000d0d00000|100%| E|CS|TAMS 0x00000000d0c00000, 0x00000000d0c00000| Complete 
| 221|0x00000000d0d00000, 0x00000000d0e00000, 0x00000000d0e00000|100%| E|CS|TAMS 0x00000000d0d00000, 0x00000000d0d00000| Complete 
| 222|0x00000000d0e00000, 0x00000000d0f00000, 0x00000000d0f00000|100%| E|CS|TAMS 0x00000000d0e00000, 0x00000000d0e00000| Complete 
| 223|0x00000000d0f00000, 0x00000000d1000000, 0x00000000d1000000|100%| E|CS|TAMS 0x00000000d0f00000, 0x00000000d0f00000| Complete 
| 224|0x00000000d1000000, 0x00000000d1100000, 0x00000000d1100000|100%| E|CS|TAMS 0x00000000d1000000, 0x00000000d1000000| Complete 
| 225|0x00000000d1100000, 0x00000000d1200000, 0x00000000d1200000|100%| E|CS|TAMS 0x00000000d1100000, 0x00000000d1100000| Complete 

Card table byte_map: [0x000001df724b0000,0x000001df726a0000] _byte_map_base: 0x000001df71e98000

Marking Bits (Prev, Next): (CMBitMap*) 0x000001df6e3d7108, (CMBitMap*) 0x000001df6e3d7140
 Prev Bits: [0x000001df72890000, 0x000001df737d0000)
 Next Bits: [0x000001df737d0000, 0x000001df74710000)

Polling page: 0x000001df6c9b0000

Metaspace:

Usage:
  Non-class:     77.49 MB capacity,    76.97 MB (>99%) used,   389.02 KB ( <1%) free+waste,   142.50 KB ( <1%) overhead. 
      Class:      9.46 MB capacity,     9.09 MB ( 96%) used,   323.92 KB (  3%) free+waste,    57.88 KB ( <1%) overhead. 
       Both:     86.95 MB capacity,    86.06 MB ( 99%) used,   712.94 KB ( <1%) free+waste,   200.38 KB ( <1%) overhead. 

Virtual space:
  Non-class space:       78.00 MB reserved,      77.50 MB (>99%) committed 
      Class space:        1.00 GB reserved,       9.50 MB ( <1%) committed 
             Both:        1.08 GB reserved,      87.00 MB (  8%) committed 

Chunk freelists:
   Non-Class:  14.00 KB
       Class:  5.00 KB
        Both:  19.00 KB

MaxMetaspaceSize: 17179869184.00 GB
CompressedClassSpaceSize: 1.00 GB
Initial GC threshold: 20.80 MB
Current GC threshold: 136.04 MB
CDS: off

CodeHeap 'non-profiled nmethods': size=120064Kb used=7466Kb max_used=7574Kb free=112597Kb
 bounds [0x000001df07ac0000, 0x000001df08230000, 0x000001df0f000000]
CodeHeap 'profiled nmethods': size=120000Kb used=45843Kb max_used=46584Kb free=74156Kb
 bounds [0x000001df00590000, 0x000001df03330000, 0x000001df07ac0000]
CodeHeap 'non-nmethods': size=5696Kb used=1400Kb max_used=1442Kb free=4295Kb
 bounds [0x000001df00000000, 0x000001df00270000, 0x000001df00590000]
 total_blobs=14500 nmethods=13794 adapters=614
 compilation: enabled
              stopped_count=0, restarted_count=0
 full_count=0

Compilation events (20 events):
Event: 62.279 Thread 0x000001df77489000 14838       3       org.jetbrains.kotlin.load.kotlin.TypeMappingMode::toGenericArgumentMode (89 bytes)
Event: 62.280 Thread 0x000001df77489000 nmethod 14838 0x000001df00c2a210 code [0x000001df00c2a460, 0x000001df00c2ac98]
Event: 62.282 Thread 0x000001df77489000 14839       3       org.jetbrains.kotlin.codegen.signature.AsmTypeFactory::toString (9 bytes)
Event: 62.283 Thread 0x000001df77489000 nmethod 14839 0x000001df00c62010 code [0x000001df00c62260, 0x000001df00c62998]
Event: 62.283 Thread 0x000001df77489000 14840       3       org.jetbrains.kotlin.load.kotlin.JvmDescriptorTypeWriter::writeArrayType (23 bytes)
Event: 62.283 Thread 0x000001df77489000 nmethod 14840 0x000001df00e33010 code [0x000001df00e331c0, 0x000001df00e332f8]
Event: 62.287 Thread 0x000001df77489000 14841       3       kotlin.text.StringsKt__StringsJVMKt::repeat (268 bytes)
Event: 62.289 Thread 0x000001df77489000 nmethod 14841 0x000001df0092c710 code [0x000001df0092cb80, 0x000001df0092ea88]
Event: 62.290 Thread 0x000001df77489000 14842       3       org.jetbrains.kotlin.backend.jvm.JvmIrTypeSystemContext::getType (6 bytes)
Event: 62.291 Thread 0x000001df77489000 nmethod 14842 0x000001df0092b990 code [0x000001df0092bbe0, 0x000001df0092c388]
Event: 62.291 Thread 0x000001df77489000 14843       3       org.jetbrains.kotlin.load.kotlin.JvmDescriptorTypeWriter::writeArrayEnd (1 bytes)
Event: 62.291 Thread 0x000001df77489000 nmethod 14843 0x000001df00e56d10 code [0x000001df00e56ec0, 0x000001df00e56fb8]
Event: 62.294 Thread 0x000001df77489000 14844       3       org.jetbrains.kotlin.backend.jvm.JvmIrTypeSystemContext::isStarProjection (6 bytes)
Event: 62.294 Thread 0x000001df77489000 nmethod 14844 0x000001df0104f290 code [0x000001df0104f4c0, 0x000001df0104fbb8]
Event: 62.298 Thread 0x000001df77489000 14845       3       org.jetbrains.kotlin.backend.jvm.JvmIrTypeSystemContext::getVariance (6 bytes)
Event: 62.299 Thread 0x000001df77489000 nmethod 14845 0x000001df00f37a10 code [0x000001df00f37bc0, 0x000001df00f37ce8]
Event: 62.348 Thread 0x000001df77489000 14846       3       org.jetbrains.kotlin.backend.jvm.JvmIrTypeSystemContext::getArgument (7 bytes)
Event: 62.349 Thread 0x000001df77489000 nmethod 14846 0x000001df00f68e10 code [0x000001df00f68fc0, 0x000001df00f690e8]
Event: 62.357 Thread 0x000001df77489000 14847       1       org.jetbrains.kotlin.ir.declarations.lazy.IrLazyTypeParameter::getName (5 bytes)
Event: 62.358 Thread 0x000001df77489000 nmethod 14847 0x000001df07b95590 code [0x000001df07b95740, 0x000001df07b957f8]

GC Heap History (20 events):
Event: 55.392 GC heap before
{Heap before GC invocations=42 (full 0):
 garbage-first heap   total 96256K, used 80820K [0x00000000c3000000, 0x0000000100000000)
  region size 1024K, 4 young (4096K), 1 survivors (1024K)
 Metaspace       used 81392K, capacity 82319K, committed 82432K, reserved 1122304K
  class space    used 8823K, capacity 9202K, committed 9216K, reserved 1048576K
}
Event: 55.400 GC heap after
{Heap after GC invocations=43 (full 0):
 garbage-first heap   total 96256K, used 77947K [0x00000000c3000000, 0x0000000100000000)
  region size 1024K, 1 young (1024K), 1 survivors (1024K)
 Metaspace       used 81392K, capacity 82319K, committed 82432K, reserved 1122304K
  class space    used 8823K, capacity 9202K, committed 9216K, reserved 1048576K
}
Event: 55.691 GC heap before
{Heap before GC invocations=44 (full 0):
 garbage-first heap   total 96256K, used 81019K [0x00000000c3000000, 0x0000000100000000)
  region size 1024K, 4 young (4096K), 1 survivors (1024K)
 Metaspace       used 81607K, capacity 82511K, committed 82688K, reserved 1122304K
  class space    used 8823K, capacity 9202K, committed 9216K, reserved 1048576K
}
Event: 55.698 GC heap after
{Heap after GC invocations=45 (full 0):
 garbage-first heap   total 96256K, used 78213K [0x00000000c3000000, 0x0000000100000000)
  region size 1024K, 1 young (1024K), 1 survivors (1024K)
 Metaspace       used 81607K, capacity 82511K, committed 82688K, reserved 1122304K
  class space    used 8823K, capacity 9202K, committed 9216K, reserved 1048576K
}
Event: 55.980 GC heap before
{Heap before GC invocations=45 (full 0):
 garbage-first heap   total 96256K, used 80261K [0x00000000c3000000, 0x0000000100000000)
  region size 1024K, 4 young (4096K), 1 survivors (1024K)
 Metaspace       used 82010K, capacity 82936K, committed 83072K, reserved 1122304K
  class space    used 8856K, capacity 9237K, committed 9344K, reserved 1048576K
}
Event: 55.988 GC heap after
{Heap after GC invocations=46 (full 0):
 garbage-first heap   total 96256K, used 78037K [0x00000000c3000000, 0x0000000100000000)
  region size 1024K, 1 young (1024K), 1 survivors (1024K)
 Metaspace       used 82010K, capacity 82936K, committed 83072K, reserved 1122304K
  class space    used 8856K, capacity 9237K, committed 9344K, reserved 1048576K
}
Event: 56.139 GC heap before
{Heap before GC invocations=46 (full 0):
 garbage-first heap   total 96256K, used 82133K [0x00000000c3000000, 0x0000000100000000)
  region size 1024K, 5 young (5120K), 1 survivors (1024K)
 Metaspace       used 82325K, capacity 83224K, committed 83328K, reserved 1124352K
  class space    used 8893K, capacity 9269K, committed 9344K, reserved 1048576K
}
Event: 56.145 GC heap after
{Heap after GC invocations=47 (full 0):
 garbage-first heap   total 96256K, used 78252K [0x00000000c3000000, 0x0000000100000000)
  region size 1024K, 1 young (1024K), 1 survivors (1024K)
 Metaspace       used 82325K, capacity 83224K, committed 83328K, reserved 1124352K
  class space    used 8893K, capacity 9269K, committed 9344K, reserved 1048576K
}
Event: 56.602 GC heap before
{Heap before GC invocations=48 (full 0):
 garbage-first heap   total 96256K, used 82348K [0x00000000c3000000, 0x0000000100000000)
  region size 1024K, 5 young (5120K), 1 survivors (1024K)
 Metaspace       used 82392K, capacity 83288K, committed 83584K, reserved 1124352K
  class space    used 8893K, capacity 9269K, committed 9344K, reserved 1048576K
}
Event: 56.708 GC heap after
{Heap after GC invocations=49 (full 0):
 garbage-first heap   total 115712K, used 78373K [0x00000000c3000000, 0x0000000100000000)
  region size 1024K, 1 young (1024K), 1 survivors (1024K)
 Metaspace       used 82392K, capacity 83288K, committed 83584K, reserved 1124352K
  class space    used 8893K, capacity 9269K, committed 9344K, reserved 1048576K
}
Event: 57.233 GC heap before
{Heap before GC invocations=49 (full 0):
 garbage-first heap   total 115712K, used 82469K [0x00000000c3000000, 0x0000000100000000)
  region size 1024K, 5 young (5120K), 1 survivors (1024K)
 Metaspace       used 82533K, capacity 83417K, committed 83584K, reserved 1124352K
  class space    used 8893K, capacity 9269K, committed 9344K, reserved 1048576K
}
Event: 57.246 GC heap after
{Heap after GC invocations=50 (full 0):
 garbage-first heap   total 115712K, used 78426K [0x00000000c3000000, 0x0000000100000000)
  region size 1024K, 1 young (1024K), 1 survivors (1024K)
 Metaspace       used 82533K, capacity 83417K, committed 83584K, reserved 1124352K
  class space    used 8893K, capacity 9269K, committed 9344K, reserved 1048576K
}
Event: 58.326 GC heap before
{Heap before GC invocations=50 (full 0):
 garbage-first heap   total 115712K, used 89690K [0x00000000c3000000, 0x0000000100000000)
  region size 1024K, 12 young (12288K), 1 survivors (1024K)
 Metaspace       used 82709K, capacity 83609K, committed 83840K, reserved 1124352K
  class space    used 8893K, capacity 9269K, committed 9344K, reserved 1048576K
}
Event: 58.335 GC heap after
{Heap after GC invocations=51 (full 0):
 garbage-first heap   total 115712K, used 78617K [0x00000000c3000000, 0x0000000100000000)
  region size 1024K, 1 young (1024K), 1 survivors (1024K)
 Metaspace       used 82709K, capacity 83609K, committed 83840K, reserved 1124352K
  class space    used 8893K, capacity 9269K, committed 9344K, reserved 1048576K
}
Event: 58.695 GC heap before
{Heap before GC invocations=51 (full 0):
 garbage-first heap   total 115712K, used 90905K [0x00000000c3000000, 0x0000000100000000)
  region size 1024K, 13 young (13312K), 1 survivors (1024K)
 Metaspace       used 82865K, capacity 83737K, committed 83840K, reserved 1124352K
  class space    used 8899K, capacity 9269K, committed 9344K, reserved 1048576K
}
Event: 58.706 GC heap after
{Heap after GC invocations=52 (full 0):
 garbage-first heap   total 115712K, used 78785K [0x00000000c3000000, 0x0000000100000000)
  region size 1024K, 1 young (1024K), 1 survivors (1024K)
 Metaspace       used 82865K, capacity 83737K, committed 83840K, reserved 1124352K
  class space    used 8899K, capacity 9269K, committed 9344K, reserved 1048576K
}
Event: 59.061 GC heap before
{Heap before GC invocations=52 (full 0):
 garbage-first heap   total 115712K, used 92097K [0x00000000c3000000, 0x0000000100000000)
  region size 1024K, 14 young (14336K), 1 survivors (1024K)
 Metaspace       used 82913K, capacity 83801K, committed 84096K, reserved 1124352K
  class space    used 8903K, capacity 9269K, committed 9344K, reserved 1048576K
}
Event: 59.079 GC heap after
{Heap after GC invocations=53 (full 0):
 garbage-first heap   total 231424K, used 79320K [0x00000000c3000000, 0x0000000100000000)
  region size 1024K, 2 young (2048K), 2 survivors (2048K)
 Metaspace       used 82913K, capacity 83801K, committed 84096K, reserved 1124352K
  class space    used 8903K, capacity 9269K, committed 9344K, reserved 1048576K
}
Event: 61.406 GC heap before
{Heap before GC invocations=53 (full 0):
 garbage-first heap   total 231424K, used 122328K [0x00000000c3000000, 0x0000000100000000)
  region size 1024K, 44 young (45056K), 2 survivors (2048K)
 Metaspace       used 87612K, capacity 88493K, committed 88576K, reserved 1128448K
  class space    used 9287K, capacity 9659K, committed 9728K, reserved 1048576K
}
Event: 61.432 GC heap after
{Heap after GC invocations=54 (full 0):
 garbage-first heap   total 231424K, used 81187K [0x00000000c3000000, 0x0000000100000000)
  region size 1024K, 4 young (4096K), 4 survivors (4096K)
 Metaspace       used 87612K, capacity 88493K, committed 88576K, reserved 1128448K
  class space    used 9287K, capacity 9659K, committed 9728K, reserved 1048576K
}

Deoptimization events (20 events):
Event: 62.058 Thread 0x000001df6e3aa000 DEOPT PACKING pc=0x000001df07c0bfd0 sp=0x0000003433ffd630
Event: 62.058 Thread 0x000001df6e3aa000 DEOPT UNPACKING pc=0x000001df0004a1a9 sp=0x0000003433ffd420 mode 2
Event: 62.105 Thread 0x000001df6e3aa000 Uncommon trap: trap_request=0xffffff6e fr.pc=0x000001df07c0bfd0 relative=0x0000000000004590
Event: 62.105 Thread 0x000001df6e3aa000 Uncommon trap: reason=speculate_class_check action=maybe_recompile pc=0x000001df07c0bfd0 method=org.jetbrains.kotlin.backend.jvm.JvmBackendContext.getLocalClassType(Lorg/jetbrains/kotlin/ir/declarations/IrAttributeContainer;)Lorg/jetbrains/org/objectweb/a
Event: 62.105 Thread 0x000001df6e3aa000 DEOPT PACKING pc=0x000001df07c0bfd0 sp=0x0000003433ffd640
Event: 62.105 Thread 0x000001df6e3aa000 DEOPT UNPACKING pc=0x000001df0004a1a9 sp=0x0000003433ffd430 mode 2
Event: 62.105 Thread 0x000001df6e3aa000 Uncommon trap: trap_request=0xffffff6e fr.pc=0x000001df07c0bfd0 relative=0x0000000000004590
Event: 62.105 Thread 0x000001df6e3aa000 Uncommon trap: reason=speculate_class_check action=maybe_recompile pc=0x000001df07c0bfd0 method=org.jetbrains.kotlin.backend.jvm.JvmBackendContext.getLocalClassType(Lorg/jetbrains/kotlin/ir/declarations/IrAttributeContainer;)Lorg/jetbrains/org/objectweb/a
Event: 62.105 Thread 0x000001df6e3aa000 DEOPT PACKING pc=0x000001df07c0bfd0 sp=0x0000003433ffd630
Event: 62.105 Thread 0x000001df6e3aa000 DEOPT UNPACKING pc=0x000001df0004a1a9 sp=0x0000003433ffd420 mode 2
Event: 62.125 Thread 0x000001df6e3aa000 DEOPT PACKING pc=0x000001df00a7c7c4 sp=0x0000003433ffd920
Event: 62.125 Thread 0x000001df6e3aa000 DEOPT UNPACKING pc=0x000001df0004a93f sp=0x0000003433ffcdb0 mode 0
Event: 62.127 Thread 0x000001df6e3aa000 Uncommon trap: trap_request=0xffffffc6 fr.pc=0x000001df07d0627c relative=0x00000000000008dc
Event: 62.127 Thread 0x000001df6e3aa000 Uncommon trap: reason=bimorphic_or_optimized_type_check action=maybe_recompile pc=0x000001df07d0627c method=org.jetbrains.kotlin.storage.LockBasedStorageManager$MapBasedMemoizedFunction.invoke(Ljava/lang/Object;)Ljava/lang/Object; @ 235 c2
Event: 62.127 Thread 0x000001df6e3aa000 DEOPT PACKING pc=0x000001df07d0627c sp=0x0000003433ffd700
Event: 62.127 Thread 0x000001df6e3aa000 DEOPT UNPACKING pc=0x000001df0004a1a9 sp=0x0000003433ffd680 mode 2
Event: 62.130 Thread 0x000001df6e3aa000 Uncommon trap: trap_request=0xffffff4d fr.pc=0x000001df07c453ac relative=0x00000000000002ec
Event: 62.130 Thread 0x000001df6e3aa000 Uncommon trap: reason=unstable_if action=reinterpret pc=0x000001df07c453ac method=org.jetbrains.org.objectweb.asm.Type.equals(Ljava/lang/Object;)Z @ 131 c2
Event: 62.130 Thread 0x000001df6e3aa000 DEOPT PACKING pc=0x000001df07c453ac sp=0x0000003433ffbe30
Event: 62.130 Thread 0x000001df6e3aa000 DEOPT UNPACKING pc=0x000001df0004a1a9 sp=0x0000003433ffbd90 mode 2

Classes redefined (0 events):
No events

Internal exceptions (20 events):
Event: 24.233 Thread 0x000001df6e3aa000 Exception <a 'java/lang/NoSuchMethodError'{0x00000000c814e140}: 'java.lang.Object java.lang.invoke.Invokers$Holder.linkToTargetMethod(java.lang.Object, java.lang.Object, java.lang.Object, int, java.lang.Object)'> (0x00000000c814e140) thrown at [./src/hotspot/share/interpreter/linkResolver.cpp, line 773]
Event: 24.585 Thread 0x000001df6e3aa000 Exception <a 'java/lang/NoSuchMethodError'{0x00000000c7f046d0}: 'void java.lang.invoke.DirectMethodHandle$Holder.invokeInterface(java.lang.Object, java.lang.Object)'> (0x00000000c7f046d0) thrown at [./src/hotspot/share/interpreter/linkResolver.cpp, line 773]
Event: 25.118 Thread 0x000001df6e3aa000 Exception <a 'java/lang/IncompatibleClassChangeError'{0x00000000c7efc5c8}: Found class java.lang.Object, but interface was expected> (0x00000000c7efc5c8) thrown at [./src/hotspot/share/interpreter/linkResolver.cpp, line 839]
Event: 26.291 Thread 0x000001df6e3aa000 Exception <a 'java/lang/NoSuchMethodError'{0x00000000c7b75b40}: 'java.lang.Object java.lang.invoke.Invokers$Holder.linkToTargetMethod(java.lang.Object, java.lang.Object, java.lang.Object, int, int, java.lang.Object)'> (0x00000000c7b75b40) thrown at [./src/hotspot/share/interpreter/linkResolver.cpp, line 773]
Event: 31.063 Thread 0x000001df6e3aa000 Implicit null exception at 0x000001df07df32fc to 0x000001df07df4408
Event: 44.845 Thread 0x000001df6e3aa000 Implicit null exception at 0x000001df07fb2bec to 0x000001df07fb2ddc
Event: 45.362 Thread 0x000001df6e3aa000 Implicit null exception at 0x000001df07ec594c to 0x000001df07ec5a18
Event: 46.012 Thread 0x000001df6e3aa000 Implicit null exception at 0x000001df07b240f5 to 0x000001df07b242bc
Event: 47.522 Thread 0x000001df6e3aa000 Exception <a 'java/lang/NoSuchMethodError'{0x00000000c7f19538}: 'java.lang.Object java.lang.invoke.DirectMethodHandle$Holder.invokeStaticInit(java.lang.Object, java.lang.Object, java.lang.Object, java.lang.Object)'> (0x00000000c7f19538) thrown at [./src/hotspot/share/interpreter/linkResolver.cpp, line 773]
Event: 48.304 Thread 0x000001df6e3aa000 Exception <a 'java/lang/NoSuchMethodError'{0x00000000c84abbd8}: 'int java.lang.invoke.DirectMethodHandle$Holder.invokeStaticInit(java.lang.Object, java.lang.Object, java.lang.Object, java.lang.Object)'> (0x00000000c84abbd8) thrown at [./src/hotspot/share/interpreter/linkResolver.cpp, line 773]
Event: 48.410 Thread 0x000001df6e3aa000 Exception <a 'java/lang/NoSuchMethodError'{0x00000000c81656a0}: 'java.lang.Object java.lang.invoke.DirectMethodHandle$Holder.invokeStatic(java.lang.Object, java.lang.Object, java.lang.Object, int, int, java.lang.Object, java.lang.Object, java.lang.Object)'> (0x00000000c81656a0) thrown at [./src/hotspot/share/interpreter/linkResolver.cpp, line 773]
Event: 48.411 Thread 0x000001df6e3aa000 Exception <a 'java/lang/NoSuchMethodError'{0x00000000c816fc80}: 'java.lang.Object java.lang.invoke.DirectMethodHandle$Holder.invokeStatic(java.lang.Object, java.lang.Object, java.lang.Object, int, int)'> (0x00000000c816fc80) thrown at [./src/hotspot/share/interpreter/linkResolver.cpp, line 773]
Event: 48.412 Thread 0x000001df6e3aa000 Exception <a 'java/lang/NoSuchMethodError'{0x00000000c8173460}: 'java.lang.Object java.lang.invoke.DirectMethodHandle$Holder.invokeSpecial(java.lang.Object, java.lang.Object, java.lang.Object, java.lang.Object, int, int)'> (0x00000000c8173460) thrown at [./src/hotspot/share/interpreter/linkResolver.cpp, line 773]
Event: 48.412 Thread 0x000001df6e3aa000 Exception <a 'java/lang/NoSuchMethodError'{0x00000000c8176568}: 'java.lang.Object java.lang.invoke.Invokers$Holder.linkToTargetMethod(java.lang.Object, java.lang.Object, int, int, java.lang.Object)'> (0x00000000c8176568) thrown at [./src/hotspot/share/interpreter/linkResolver.cpp, line 773]
Event: 48.461 Thread 0x000001df6e3aa000 Exception <a 'java/lang/NoSuchMethodError'{0x00000000c8046ef0}: 'java.lang.Object java.lang.invoke.DirectMethodHandle$Holder.invokeStatic(java.lang.Object, java.lang.Object, java.lang.Object, int, int, java.lang.Object, java.lang.Object)'> (0x00000000c8046ef0) thrown at [./src/hotspot/share/interpreter/linkResolver.cpp, line 773]
Event: 48.461 Thread 0x000001df6e3aa000 Exception <a 'java/lang/NoSuchMethodError'{0x00000000c804ab08}: 'java.lang.Object java.lang.invoke.DirectMethodHandle$Holder.invokeSpecial(java.lang.Object, java.lang.Object, java.lang.Object, java.lang.Object, int, int, java.lang.Object, java.lang.Object)'> (0x00000000c804ab08) thrown at [./src/hotspot/share/interpreter/linkResolver.cpp, line 773]
Event: 48.461 Thread 0x000001df6e3aa000 Exception <a 'java/lang/NoSuchMethodError'{0x00000000c804e158}: 'java.lang.Object java.lang.invoke.Invokers$Holder.linkToTargetMethod(java.lang.Object, java.lang.Object, int, int, java.lang.Object, java.lang.Object, java.lang.Object)'> (0x00000000c804e158) thrown at [./src/hotspot/share/interpreter/linkResolver.cpp, line 773]
Event: 48.548 Thread 0x000001df6e3aa000 Exception <a 'java/lang/NoSuchMethodError'{0x00000000c7f0df28}: 'java.lang.Object java.lang.invoke.DirectMethodHandle$Holder.invokeStatic(java.lang.Object, java.lang.Object, java.lang.Object, int, int, java.lang.Object, java.lang.Object, java.lang.Object, java.lang.Object)'> (0x00000000c7f0df28) thrown at [./src/hotspot/share/interpreter/linkResolver.cpp, line 773]
Event: 48.593 Thread 0x000001df6e3aa000 Exception <a 'java/lang/NoSuchMethodError'{0x00000000c7f4d5b0}: 'java.lang.Object java.lang.invoke.DirectMethodHandle$Holder.invokeSpecial(java.lang.Object, java.lang.Object, int, int, java.lang.Object, java.lang.Object, java.lang.Object, java.lang.Object, java.lang.Object)'> (0x00000000c7f4d5b0) thrown at [./src/hotspot/share/interpreter/linkResolver.cpp, line 773]
Event: 49.437 Thread 0x000001df6e3aa000 Implicit null exception at 0x000001df07b30c74 to 0x000001df07b30e84

Events (20 events):
Event: 61.753 loading class org/jetbrains/kotlin/renderer/DescriptorRendererImpl$appendTypeProjections$1
Event: 61.753 loading class org/jetbrains/kotlin/renderer/DescriptorRendererImpl$appendTypeProjections$1 done
Event: 61.794 loading class org/jetbrains/kotlin/metadata/jvm/JvmProtoBuf$JvmFieldSignature$Builder
Event: 61.794 loading class org/jetbrains/kotlin/metadata/jvm/JvmProtoBuf$JvmFieldSignature$Builder done
Event: 61.795 loading class org/jetbrains/kotlin/load/java/DescriptorsJvmAbiUtil
Event: 61.795 loading class org/jetbrains/kotlin/load/java/DescriptorsJvmAbiUtil done
Event: 61.798 loading class org/jetbrains/kotlin/metadata/ProtoBuf$ValueParameter$Builder
Event: 61.798 loading class org/jetbrains/kotlin/metadata/ProtoBuf$ValueParameter$Builder done
Event: 61.800 loading class org/jetbrains/kotlin/resolve/calls/components/ArgumentsUtilsKt$isActualParameterWithAnyExpectedDefault$1
Event: 61.800 loading class org/jetbrains/kotlin/resolve/calls/components/ArgumentsUtilsKt$isActualParameterWithAnyExpectedDefault$1 done
Event: 61.848 loading class org/jetbrains/kotlin/serialization/DescriptorSerializer$hasInlineClassTypesInSignature$2$1
Event: 61.848 loading class org/jetbrains/kotlin/serialization/DescriptorSerializer$hasInlineClassTypesInSignature$2$1 done
Event: 61.857 loading class org/jetbrains/kotlin/backend/jvm/intrinsics/IrCheckNotNull$invoke$1
Event: 61.857 loading class org/jetbrains/kotlin/backend/jvm/intrinsics/IrCheckNotNull$invoke$1 done
Event: 62.111 loading class org/jetbrains/kotlin/backend/jvm/intrinsics/OrOr$BooleanDisjunction
Event: 62.111 loading class org/jetbrains/kotlin/backend/jvm/intrinsics/OrOr$BooleanDisjunction done
Event: 62.112 loading class org/jetbrains/kotlin/backend/jvm/codegen/PromisedValueKt$coerceToBoolean$1
Event: 62.112 loading class org/jetbrains/kotlin/backend/jvm/codegen/PromisedValueKt$coerceToBoolean$1 done
Event: 62.115 loading class org/jetbrains/kotlin/codegen/optimization/ConstantConditionEliminationMethodTransformer$ConstantConditionsOptimization$collectRewriteActions$1$1
Event: 62.115 loading class org/jetbrains/kotlin/codegen/optimization/ConstantConditionEliminationMethodTransformer$ConstantConditionsOptimization$collectRewriteActions$1$1 done


Dynamic libraries:
0x00007ff644980000 - 0x00007ff64498a000 	C:\Program Files\Android\Android Studio\jre\bin\java.exe
0x00007ffb61f90000 - 0x00007ffb62188000 	C:\Windows\SYSTEM32\ntdll.dll
0x00007ffb61020000 - 0x00007ffb610df000 	C:\Windows\System32\KERNEL32.DLL
0x00007ffb5f6e0000 - 0x00007ffb5f9b2000 	C:\Windows\System32\KERNELBASE.dll
0x00007ffb5fc40000 - 0x00007ffb5fd40000 	C:\Windows\System32\ucrtbase.dll
0x00007ffb4ae50000 - 0x00007ffb4ae69000 	C:\Program Files\Android\Android Studio\jre\bin\jli.dll
0x00007ffb60570000 - 0x00007ffb6070d000 	C:\Windows\System32\USER32.dll
0x00007ffb5f9c0000 - 0x00007ffb5f9e2000 	C:\Windows\System32\win32u.dll
0x00007ffb61be0000 - 0x00007ffb61c0b000 	C:\Windows\System32\GDI32.dll
0x00007ffb5fea0000 - 0x00007ffb5ffaf000 	C:\Windows\System32\gdi32full.dll
0x00007ffb5f9f0000 - 0x00007ffb5fa8d000 	C:\Windows\System32\msvcp_win.dll
0x00007ffb4ae10000 - 0x00007ffb4ae27000 	C:\Program Files\Android\Android Studio\jre\bin\VCRUNTIME140.dll
0x00007ffb3eb80000 - 0x00007ffb3ee1a000 	C:\Windows\WinSxS\amd64_microsoft.windows.common-controls_6595b64144ccf1df_6.0.19041.1110_none_60b5254171f9507e\COMCTL32.dll
0x00007ffb613f0000 - 0x00007ffb6148e000 	C:\Windows\System32\msvcrt.dll
0x00007ffb613b0000 - 0x00007ffb613e2000 	C:\Windows\System32\IMM32.DLL
0x00007ffb34e30000 - 0x00007ffb34ecd000 	C:\Program Files\Android\Android Studio\jre\bin\msvcp140.dll
0x00007ffb0a2a0000 - 0x00007ffb0ad85000 	C:\Program Files\Android\Android Studio\jre\bin\server\jvm.dll
0x00007ffb60d50000 - 0x00007ffb60dfe000 	C:\Windows\System32\ADVAPI32.dll
0x00007ffb60b80000 - 0x00007ffb60c1c000 	C:\Windows\System32\sechost.dll
0x00007ffb60ee0000 - 0x00007ffb61005000 	C:\Windows\System32\RPCRT4.dll
0x00007ffb61010000 - 0x00007ffb61018000 	C:\Windows\System32\PSAPI.DLL
0x00007ffb2c8b0000 - 0x00007ffb2c8b9000 	C:\Windows\SYSTEM32\WSOCK32.dll
0x00007ffb61c10000 - 0x00007ffb61c7b000 	C:\Windows\System32\WS2_32.dll
0x00007ffb431b0000 - 0x00007ffb431d7000 	C:\Windows\SYSTEM32\WINMM.dll
0x00007ffb577d0000 - 0x00007ffb577da000 	C:\Windows\SYSTEM32\VERSION.dll
0x00007ffb5df30000 - 0x00007ffb5df42000 	C:\Windows\SYSTEM32\kernel.appcore.dll
0x00007ffb57860000 - 0x00007ffb57871000 	C:\Program Files\Android\Android Studio\jre\bin\verify.dll
0x00007ffb5dc00000 - 0x00007ffb5dde4000 	C:\Windows\SYSTEM32\DBGHELP.DLL
0x00007ffb56ce0000 - 0x00007ffb56d0c000 	C:\Windows\SYSTEM32\dbgcore.DLL
0x00007ffb5fb00000 - 0x00007ffb5fb82000 	C:\Windows\System32\bcryptPrimitives.dll
0x00007ffb55ce0000 - 0x00007ffb55d09000 	C:\Program Files\Android\Android Studio\jre\bin\java.dll
0x00007ffb57940000 - 0x00007ffb5794b000 	C:\Program Files\Android\Android Studio\jre\bin\jimage.dll
0x00007ffb55cc0000 - 0x00007ffb55cd8000 	C:\Program Files\Android\Android Studio\jre\bin\zip.dll
0x00007ffb61490000 - 0x00007ffb61bd3000 	C:\Windows\System32\SHELL32.dll
0x00007ffb5d390000 - 0x00007ffb5db22000 	C:\Windows\SYSTEM32\windows.storage.dll
0x00007ffb60210000 - 0x00007ffb60564000 	C:\Windows\System32\combase.dll
0x00007ffb5f0f0000 - 0x00007ffb5f120000 	C:\Windows\SYSTEM32\Wldp.dll
0x00007ffb61c80000 - 0x00007ffb61d2d000 	C:\Windows\System32\SHCORE.dll
0x00007ffb5ffe0000 - 0x00007ffb60035000 	C:\Windows\System32\shlwapi.dll
0x00007ffb5f5d0000 - 0x00007ffb5f5ef000 	C:\Windows\SYSTEM32\profapi.dll
0x00007ffb4c170000 - 0x00007ffb4c18a000 	C:\Program Files\Android\Android Studio\jre\bin\net.dll
0x00007ffb4cfa0000 - 0x00007ffb4d0ac000 	C:\Windows\SYSTEM32\WINHTTP.dll
0x00007ffb5ee50000 - 0x00007ffb5eeba000 	C:\Windows\system32\mswsock.dll
0x00007ffb4aec0000 - 0x00007ffb4aed4000 	C:\Program Files\Android\Android Studio\jre\bin\nio.dll

dbghelp: loaded successfully - version: 4.0.5 - missing functions: none
symbol engine: initialized successfully - sym options: 0x614 - pdb path: .;C:\Program Files\Android\Android Studio\jre\bin;C:\Windows\SYSTEM32;C:\Windows\WinSxS\amd64_microsoft.windows.common-controls_6595b64144ccf1df_6.0.19041.1110_none_60b5254171f9507e;C:\Program Files\Android\Android Studio\jre\bin\server

VM Arguments:
java_command: org.jetbrains.kotlin.cli.jvm.K2JVMCompiler @C:\Users\Ing-Yonathan\AndroidStudioProjects\QRScaner\app\build\20221116_9683517137662294171.compiler.options
java_class_path (initial): C:\Users\Ing-Yonathan\.gradle\caches\modules-2\files-2.1\org.jetbrains.kotlin\kotlin-compiler-embeddable\1.7.10\909803167c98606fcf22b4c848647c68e351d48d\kotlin-compiler-embeddable-1.7.10.jar;C:\Users\Ing-Yonathan\.gradle\caches\modules-2\files-2.1\org.jetbrains.kotlin\kotlin-reflect\1.7.10\165e600dfea6185cf5efa700756294cc4904dbeb\kotlin-reflect-1.7.10.jar;C:\Users\Ing-Yonathan\.gradle\caches\modules-2\files-2.1\org.jetbrains.kotlin\kotlin-stdlib\1.7.10\d2abf9e77736acc4450dc4a3f707fa2c10f5099d\kotlin-stdlib-1.7.10.jar;C:\Users\Ing-Yonathan\.gradle\caches\modules-2\files-2.1\org.jetbrains.kotlin\kotlin-script-runtime\1.7.10\c99c87a6988d8fd8d5142e9ed5c9f34a7cf561ee\kotlin-script-runtime-1.7.10.jar;C:\Users\Ing-Yonathan\.gradle\caches\modules-2\files-2.1\org.jetbrains.kotlin\kotlin-daemon-embeddable\1.7.10\3a9f7aef7080d3ae63126cbba4f827ed664f32fa\kotlin-daemon-embeddable-1.7.10.jar;C:\Users\Ing-Yonathan\.gradle\caches\modules-2\files-2.1\org.jetbrains.intellij.deps\trove4j\1.0.20200330\3afb14d5f9ceb459d724e907a21145e8ff394f02\trove4j-1.0.20200330.jar;C:\Users\Ing-Yonathan\.gradle\caches\modules-2\files-2.1\net.java.dev.jna\jna\5.6.0\330f2244e9030119ab3030fc3fededc86713d9cc\jna-5.6.0.jar;C:\Users\Ing-Yonathan\.gradle\caches\modules-2\files-2.1\org.jetbrains.kotlin\kotlin-stdlib-common\1.7.10\bac80c520d0a9e3f3673bc2658c6ed02ef45a76a\kotlin-stdlib-common-1.7.10.jar;C:\Users\Ing-Yonathan\.gradle\caches\modules-2\files-2.1\org.jetbrains\annotations\13.0\919f0dfe192fb4e063e7dacadee7f8bb9a2672a9\annotations-13.0.jar
Launcher Type: SUN_STANDARD

[Global flags]
     intx CICompilerCount                          = 2                                         {product} {ergonomic}
     uint ConcGCThreads                            = 1                                         {product} {ergonomic}
     uint G1ConcRefinementThreads                  = 2                                         {product} {ergonomic}
   size_t G1HeapRegionSize                         = 1048576                                   {product} {ergonomic}
    uintx GCDrainStackTargetSize                   = 64                                        {product} {ergonomic}
   size_t InitialHeapSize                          = 65011712                                  {product} {ergonomic}
   size_t MarkStackSize                            = 4194304                                   {product} {ergonomic}
   size_t MaxHeapSize                              = 1023410176                                {product} {ergonomic}
   size_t MaxNewSize                               = 613416960                                 {product} {ergonomic}
   size_t MinHeapDeltaBytes                        = 1048576                                   {product} {ergonomic}
    uintx NonNMethodCodeHeapSize                   = 5825164                                {pd product} {ergonomic}
    uintx NonProfiledCodeHeapSize                  = 122916538                              {pd product} {ergonomic}
    uintx ProfiledCodeHeapSize                     = 122916538                              {pd product} {ergonomic}
    uintx ReservedCodeCacheSize                    = 251658240                              {pd product} {ergonomic}
     bool SegmentedCodeCache                       = true                                      {product} {ergonomic}
     bool UseCompressedClassPointers               = true                                 {lp64_product} {ergonomic}
     bool UseCompressedOops                        = true                                 {lp64_product} {ergonomic}
     bool UseG1GC                                  = true                                      {product} {ergonomic}
     bool UseLargePagesIndividualAllocation        = false                                  {pd product} {ergonomic}

Logging:
Log output configuration:
 #0: stdout all=warning uptime,level,tags
 #1: stderr all=off uptime,level,tags

Environment Variables:
PATH=C:\Windows\system32;C:\Windows;C:\Windows\System32\Wbem;C:\Windows\System32\WindowsPowerShell\v1.0\;C:\Windows\System32\OpenSSH\;C:\laragon\bin\php\php-7.4.19-Win32-vc15-x64;C:\composer;C:\Program Files\Git\cmd;C:\Users\Ing-Yonathan\AppData\Local\Microsoft\WindowsApps;C:\Users\Ing-Yonathan\AppData\Local\Programs\Microsoft VS Code\bin;C:\Users\Ing-Yonathan\AppData\Local\GitHubDesktop\bin;C:\Users\Ing-Yonathan\AppData\Roaming\Composer\vendor\bin;C:\Users\Ing-Yonathan\AppData\Local\Programs\oh-my-posh\bin
USERNAME=Ing-Yonathan
OS=Windows_NT
PROCESSOR_IDENTIFIER=Intel64 Family 6 Model 122 Stepping 8, GenuineIntel



---------------  S Y S T E M  ---------------

OS: Windows 10 , 64 bit Build 19041 (10.0.19041.2251)
OS uptime: 3 days 9:11 hours

CPU:total 2 (initial active 2) (2 cores per cpu, 1 threads per core) family 6 model 122 stepping 8 microcode 0x1e, cmov, cx8, fxsr, mmx, sse, sse2, sse3, ssse3, sse4.1, sse4.2, popcnt, aes, clmul, erms, 3dnowpref, tsc, tscinvbit, sha

Memory: 4k page, system-wide physical 3901M (196M free)
TotalPageFile size 15677M (AvailPageFile size 5M)
current process WorkingSet (physical memory assigned to process): 322M, peak: 322M
current process commit charge ("private bytes"): 493M, peak: 494M

vm_info: OpenJDK 64-Bit Server VM (11.0.12+7-b1504.28-7817840) for windows-amd64 JRE (11.0.12+7-b1504.28-7817840), built on Oct 13 2021 22:12:33 by "builder" with MS VC++ 14.0 (VS2015)

END.
